P435F2_mid_polys
polygon invalid, buffering
P435F2_left_polys
polygon invalid, buffering
P435F2_right_polys
polygon invalid, buffering
P357F2_mid_polys
polygon invalid, buffering
P357F2_left_polys
polygon invalid, buffering
P357F2_right_polys
polygon invalid, buffering
P248F2_mid_polys
P248F2_left_polys
P248F2_right_polys
P261F3_mid_polys
P261F3_left_polys
P261F3_right_polys
P440F2_mid_polys
polygon invalid, buffering
P440F2_left_polys
polygon invalid, buffering
P440F2_right_polys
P351F1_mid_polys
polygon invalid, buffering
P351F1_left_polys
polygon invalid, buffering
P351F1_right_polys
polygon invalid, buffering
P411F2_mid_polys
P411F2_left_polys
P411F2_right_polys
P261F1_mid_polys
P261F1_left_polys
P261F1_right_polys
P338F2_mid_polys
P338F2_left_polys
P338F2_right_polys
P408F1_mid_polys
polygon invalid, buffering
polygon invalid, buffering
P408F1_left_polys
polygon invalid, buffering
polygon invalid, buffering
P408F1_right_polys
polygon invalid, buffering
P407F3_mid_polys
P407F3_left_polys
P407F3_right_polys
P425F1_mid_polys
polygon invalid, buffering
P425F1_left_polys
polygon invalid, buffering
P425F1_right_polys
polygon invalid, buffering
P384F2_mid_polys
polygon invalid, buffering
polygon invalid, buffering
P384F2_left_polys
polygon invalid, buffering
P384F2_right_polys
polygon invalid, buffering
P400F2_mid_polys
polygon invalid, buffering
P400F2_left_polys
polygon invalid, buffering
P400F2_right_polys
polygon invalid, buffering
P361F1_mid_polys
polygon invalid, buffering
P361F1_left_polys
polygon invalid, buffering
P361F1_right_polys
P426F2_mid_polys
polygon invalid, buffering
P426F2_left_polys
polygon invalid, buffering
P426F2_right_polys
polygon invalid, buffering
P405F1_mid_polys
polygon invalid, buffering
polygon invalid, buffering
P405F1_left_polys
polygon invalid, buffering
polygon invalid, buffering
P405F1_right_polys
polygon invalid, buffering
P429F2_mid_polys
polygon invalid, buffering
P429F2_left_polys
polygon invalid, buffering
P429F2_right_polys
P400F1_mid_polys
P400F1_left_polys
polygon invalid, buffering
P400F1_right_polys
P378F1_mid_polys
P378F1_left_polys
polygon invalid, buffering
P378F1_right_polys
polygon invalid, buffering
P439F2_mid_polys
P439F2_left_polys
P439F2_right_polys
P405F2_mid_polys
polygon invalid, buffering
polygon invalid, buffering
P405F2_left_polys
polygon invalid, buffering
polygon invalid, buffering
P405F2_right_polys
polygon invalid, buffering
polygon invalid, buffering
P339F1_mid_polys
polygon invalid, buffering
P339F1_left_polys
polygon invalid, buffering
P339F1_right_polys
polygon invalid, buffering
P412F2_mid_polys
polygon invalid, buffering
P412F2_left_polys
polygon invalid, buffering
P412F2_right_polys
polygon invalid, buffering
P422F2_mid_polys
P422F2_left_polys
P422F2_right_polys
P423F1_mid_polys
P423F1_left_polys
P423F1_right_polys
P257F1_mid_polys
polygon invalid, buffering
P257F1_left_polys
polygon invalid, buffering
P257F1_right_polys
P331F2_mid_polys
polygon invalid, buffering
P331F2_left_polys
polygon invalid, buffering
P331F2_right_polys
polygon invalid, buffering
P435F1_mid_polys
polygon invalid, buffering
polygon invalid, buffering
P435F1_left_polys
polygon invalid, buffering
polygon invalid, buffering
P435F1_right_polys
polygon invalid, buffering
P403F1_mid_polys
P403F1_left_polys
P403F1_right_polys
polygon invalid, buffering
P299F2_mid_polys
P299F2_left_polys
polygon invalid, buffering
P299F2_right_polys
P370F2_mid_polys
polygon invalid, buffering
P370F2_left_polys
polygon invalid, buffering
P370F2_right_polys
polygon invalid, buffering
P364F1_mid_polys
polygon invalid, buffering
P364F1_left_polys
P364F1_right_polys
polygon invalid, buffering
P439F1_mid_polys
P439F1_left_polys
P439F1_right_polys
P339F2_mid_polys
polygon invalid, buffering
P339F2_left_polys
polygon invalid, buffering
P339F2_right_polys
polygon invalid, buffering
P418F1_mid_polys
polygon invalid, buffering
polygon invalid, buffering
P418F1_left_polys
polygon invalid, buffering
polygon invalid, buffering
P418F1_right_polys
polygon invalid, buffering
P365F1_mid_polys
polygon invalid, buffering
P365F1_left_polys
polygon invalid, buffering
P365F1_right_polys
polygon invalid, buffering
P363F2_mid_polys
polygon invalid, buffering
P363F2_left_polys
polygon invalid, buffering
P363F2_right_polys
polygon invalid, buffering
P429F1_mid_polys
polygon invalid, buffering
P429F1_left_polys
polygon invalid, buffering
polygon invalid, buffering
P429F1_right_polys
P356F1_mid_polys
P356F1_left_polys
polygon invalid, buffering
P356F1_right_polys
polygon invalid, buffering
P438F2_mid_polys
polygon invalid, buffering
polygon invalid, buffering
P438F2_left_polys
P438F2_right_polys
P415F2_mid_polys
polygon invalid, buffering
P415F2_left_polys
P415F2_right_polys
P352F1_mid_polys
polygon invalid, buffering
P352F1_left_polys
polygon invalid, buffering
P352F1_right_polys
polygon invalid, buffering
P253F2_mid_polys
polygon invalid, buffering
P253F2_left_polys
polygon invalid, buffering
P253F2_right_polys
polygon invalid, buffering
P403F2_mid_polys
polygon invalid, buffering
P403F2_left_polys
polygon invalid, buffering
P403F2_right_polys
polygon invalid, buffering
polygon invalid, buffering
P248F3_mid_polys
polygon invalid, buffering
polygon invalid, buffering
P248F3_left_polys
polygon invalid, buffering
polygon invalid, buffering
P248F3_right_polys
polygon invalid, buffering
P355F2_mid_polys
polygon invalid, buffering
P355F2_left_polys
polygon invalid, buffering
P355F2_right_polys
polygon invalid, buffering
polygon invalid, buffering
P375F2_mid_polys
P375F2_left_polys
P375F2_right_polys
polygon invalid, buffering
P261F2_mid_polys
P261F2_left_polys
P261F2_right_polys
P345F1_mid_polys
P345F1_left_polys
P345F1_right_polys
P442F1_mid_polys
P442F1_left_polys
polygon invalid, buffering
P442F1_right_polys
P374F2_mid_polys
polygon invalid, buffering
P374F2_left_polys
polygon invalid, buffering
polygon invalid, buffering
P374F2_right_polys
P390F2_mid_polys
polygon invalid, buffering
P390F2_left_polys
polygon invalid, buffering
P390F2_right_polys
polygon invalid, buffering
P345F2_mid_polys
P345F2_left_polys
P345F2_right_polys
P401F2_mid_polys
P401F2_left_polys
polygon invalid, buffering
P401F2_right_polys
P258F2_mid_polys
P258F2_left_polys
polygon invalid, buffering
P258F2_right_polys
P420F2_mid_polys
polygon invalid, buffering
P420F2_left_polys
polygon invalid, buffering
polygon invalid, buffering
P420F2_right_polys
polygon invalid, buffering
P253F1_mid_polys
polygon invalid, buffering
P253F1_left_polys
polygon invalid, buffering
P253F1_right_polys
polygon invalid, buffering
P371F2_mid_polys
polygon invalid, buffering
P371F2_left_polys
polygon invalid, buffering
P371F2_right_polys
polygon invalid, buffering
P366F2_mid_polys
P366F2_left_polys
polygon invalid, buffering
polygon invalid, buffering
P366F2_right_polys
P406F3_mid_polys
polygon invalid, buffering
polygon invalid, buffering
P406F3_left_polys
P406F3_right_polys
polygon invalid, buffering
P379F1_mid_polys
polygon invalid, buffering
P379F1_left_polys
polygon invalid, buffering
P379F1_right_polys
polygon invalid, buffering
P431F1_mid_polys
polygon invalid, buffering
P431F1_left_polys
polygon invalid, buffering
P431F1_right_polys
polygon invalid, buffering
P375F1_mid_polys
polygon invalid, buffering
P375F1_left_polys
polygon invalid, buffering
P375F1_right_polys
polygon invalid, buffering
P248F1_mid_polys
polygon invalid, buffering
P248F1_left_polys
P248F1_right_polys
P301F1_mid_polys
P301F1_left_polys
P301F1_right_polys
P356F2_mid_polys
polygon invalid, buffering
P356F2_left_polys
polygon invalid, buffering
P356F2_right_polys
polygon invalid, buffering
P363F1_mid_polys
polygon invalid, buffering
P363F1_left_polys
polygon invalid, buffering
P363F1_right_polys
polygon invalid, buffering
P423F2_mid_polys
P423F2_left_polys
P423F2_right_polys
P342F1_mid_polys
polygon invalid, buffering
P342F1_left_polys
polygon invalid, buffering
P342F1_right_polys
polygon invalid, buffering
P355F1_mid_polys
polygon invalid, buffering
polygon invalid, buffering
P355F1_left_polys
polygon invalid, buffering
P355F1_right_polys
polygon invalid, buffering
polygon invalid, buffering
P416F2_mid_polys
polygon invalid, buffering
P416F2_left_polys
P416F2_right_polys
P399F2_mid_polys
P399F2_left_polys
P399F2_right_polys
P370F1_mid_polys
polygon invalid, buffering
P370F1_left_polys
polygon invalid, buffering
P370F1_right_polys
polygon invalid, buffering
polygon invalid, buffering
P369F2_mid_polys
polygon invalid, buffering
P369F2_left_polys
polygon invalid, buffering
P369F2_right_polys
polygon invalid, buffering
P409F1_mid_polys
polygon invalid, buffering
polygon invalid, buffering
P409F1_left_polys
polygon invalid, buffering
polygon invalid, buffering
P409F1_right_polys
polygon invalid, buffering
polygon invalid, buffering
P408F3_mid_polys
polygon invalid, buffering
P408F3_left_polys
polygon invalid, buffering
P408F3_right_polys
P369F1_mid_polys
P369F1_left_polys
P369F1_right_polys
P351F2_mid_polys
polygon invalid, buffering
P351F2_left_polys
polygon invalid, buffering
P351F2_right_polys
polygon invalid, buffering
P366F1_mid_polys
polygon invalid, buffering
P366F1_left_polys
polygon invalid, buffering
P366F1_right_polys
polygon invalid, buffering
P344F1_mid_polys
polygon invalid, buffering
P344F1_left_polys
polygon invalid, buffering
P344F1_right_polys
polygon invalid, buffering
polygon invalid, buffering
P425F2_mid_polys
polygon invalid, buffering
P425F2_left_polys
polygon invalid, buffering
P425F2_right_polys
polygon invalid, buffering
polygon invalid, buffering
P407F2_mid_polys
P407F2_left_polys
P407F2_right_polys
P417F2_mid_polys
polygon invalid, buffering
P417F2_left_polys
polygon invalid, buffering
P417F2_right_polys
polygon invalid, buffering
P331F1_mid_polys
polygon invalid, buffering
polygon invalid, buffering
P331F1_left_polys
polygon invalid, buffering
polygon invalid, buffering
P331F1_right_polys
polygon invalid, buffering
polygon invalid, buffering
P374F1_mid_polys
polygon invalid, buffering
P374F1_left_polys
polygon invalid, buffering
P374F1_right_polys
P404F2_mid_polys
polygon invalid, buffering
polygon invalid, buffering
P404F2_left_polys
polygon invalid, buffering
polygon invalid, buffering
P404F2_right_polys
polygon invalid, buffering
polygon invalid, buffering
P409F2_mid_polys
polygon invalid, buffering
polygon invalid, buffering
P409F2_left_polys
polygon invalid, buffering
P409F2_right_polys
polygon invalid, buffering
polygon invalid, buffering
P418F2_mid_polys
polygon invalid, buffering
polygon invalid, buffering
P418F2_left_polys
polygon invalid, buffering
polygon invalid, buffering
P418F2_right_polys
polygon invalid, buffering
polygon invalid, buffering
P411F1_mid_polys
P411F1_left_polys
P411F1_right_polys
P436F2_mid_polys
polygon invalid, buffering
P436F2_left_polys
polygon invalid, buffering
P436F2_right_polys
polygon invalid, buffering
P419F2_mid_polys
polygon invalid, buffering
P419F2_left_polys
polygon invalid, buffering
P419F2_right_polys
polygon invalid, buffering
polygon invalid, buffering
P414F2_mid_polys
polygon invalid, buffering
P414F2_left_polys
polygon invalid, buffering
polygon invalid, buffering
P414F2_right_polys
P440F1_mid_polys
polygon invalid, buffering
P440F1_left_polys
polygon invalid, buffering
polygon invalid, buffering
P440F1_right_polys
polygon invalid, buffering
P386F1_mid_polys
polygon invalid, buffering
P386F1_left_polys
polygon invalid, buffering
P386F1_right_polys
polygon invalid, buffering
P415F1_mid_polys
P415F1_left_polys
polygon invalid, buffering
P415F1_right_polys
polygon invalid, buffering
P393F2_mid_polys
P393F2_left_polys
P393F2_right_polys
polygon invalid, buffering
P434F1_mid_polys
P434F1_left_polys
P434F1_right_polys
P342F2_mid_polys
polygon invalid, buffering
P342F2_left_polys
P342F2_right_polys
P420F1_mid_polys
polygon invalid, buffering
P420F1_left_polys
polygon invalid, buffering
P420F1_right_polys
polygon invalid, buffering
P399F1_mid_polys
P399F1_left_polys
Traceback (most recent call last):
  File "/home/daniel/Documents/cooley_lab/mimulusSpeckling/make_polygons/get_spots.py", line 235, in <module>
    spotPolRaw = digitizePols(spotsMat)
  File "/home/daniel/Documents/cooley_lab/mimulusSpeckling/make_polygons/get_spots.py", line 67, in digitizePols
    return(shapelyPoly)
UnboundLocalError: local variable 'shapelyPoly' referenced before assignment
P399F1_right_polys
P410F1_mid_polys
P410F1_left_polys
P410F1_right_polys
P426F1_mid_polys
polygon invalid, buffering
P426F1_left_polys
polygon invalid, buffering
P426F1_right_polys
polygon invalid, buffering
polygon invalid, buffering
P397F2_mid_polys
polygon invalid, buffering
P397F2_left_polys
P397F2_right_polys
P348F1_mid_polys
polygon invalid, buffering
P348F1_left_polys
polygon invalid, buffering
P348F1_right_polys
polygon invalid, buffering
P379F2_mid_polys
polygon invalid, buffering
P379F2_left_polys
polygon invalid, buffering
P379F2_right_polys
polygon invalid, buffering
P376F1_mid_polys
polygon invalid, buffering
P376F1_left_polys
P376F1_right_polys
polygon invalid, buffering
P387F2_mid_polys
P387F2_left_polys
polygon invalid, buffering
P387F2_right_polys
P397F1_mid_polys
P397F1_left_polys
P397F1_right_polys
P390F1_mid_polys
P390F1_left_polys
P390F1_right_polys
P384F1_mid_polys
polygon invalid, buffering
P384F1_left_polys
polygon invalid, buffering
P384F1_right_polys
polygon invalid, buffering
P380F2_mid_polys
P380F2_left_polys
P380F2_right_polys
polygon invalid, buffering
P373F2_mid_polys
P373F2_left_polys
P373F2_right_polys
P368F1_mid_polys
P368F1_left_polys
P368F1_right_polys
polygon invalid, buffering
polygon invalid, buffering
P380F1_mid_polys
P380F1_left_polys
polygon invalid, buffering
P380F1_right_polys
polygon invalid, buffering
P404F1_mid_polys
polygon invalid, buffering
polygon invalid, buffering
P404F1_left_polys
polygon invalid, buffering
polygon invalid, buffering
P404F1_right_polys
polygon invalid, buffering
P297F2_mid_polys
polygon invalid, buffering
polygon invalid, buffering
P297F2_left_polys
polygon invalid, buffering
P297F2_right_polys
polygon invalid, buffering
P357F1_mid_polys
polygon invalid, buffering
P357F1_left_polys
polygon invalid, buffering
P357F1_right_polys
polygon invalid, buffering
P341F1_mid_polys
polygon invalid, buffering
P341F1_left_polys
polygon invalid, buffering
P341F1_right_polys
polygon invalid, buffering
P257F3_mid_polys
polygon invalid, buffering
P257F3_left_polys
polygon invalid, buffering
P257F3_right_polys
polygon invalid, buffering
P408F2_mid_polys
polygon invalid, buffering
P408F2_left_polys
polygon invalid, buffering
polygon invalid, buffering
P408F2_right_polys
polygon invalid, buffering
polygon invalid, buffering
P297F1_mid_polys
polygon invalid, buffering
P297F1_left_polys
polygon invalid, buffering
P297F1_right_polys
polygon invalid, buffering
polygon invalid, buffering
P406F1_mid_polys
polygon invalid, buffering
P406F1_left_polys
polygon invalid, buffering
P406F1_right_polys
polygon invalid, buffering
P412F1_mid_polys
polygon invalid, buffering
polygon invalid, buffering
P412F1_left_polys
polygon invalid, buffering
P412F1_right_polys
polygon invalid, buffering
P432F1_mid_polys
P432F1_left_polys
polygon invalid, buffering
P432F1_right_polys
polygon invalid, buffering
polygon invalid, buffering
P422F1_mid_polys
P422F1_left_polys
polygon invalid, buffering
P422F1_right_polys
polygon invalid, buffering
polygon invalid, buffering
P376F2_mid_polys
polygon invalid, buffering
P376F2_left_polys
polygon invalid, buffering
P376F2_right_polys
polygon invalid, buffering
P405F3_mid_polys
polygon invalid, buffering
P405F3_left_polys
polygon invalid, buffering
P405F3_right_polys
polygon invalid, buffering
P400F3_mid_polys
polygon invalid, buffering
P400F3_left_polys
polygon invalid, buffering
P400F3_right_polys
P389F1_mid_polys
P389F1_left_polys
P389F1_right_polys
P257F2_mid_polys
polygon invalid, buffering
P257F2_left_polys
polygon invalid, buffering
P257F2_right_polys
polygon invalid, buffering
P406F2_mid_polys
P406F2_left_polys
P406F2_right_polys
polygon invalid, buffering
P431F2_mid_polys
polygon invalid, buffering
P431F2_left_polys
polygon invalid, buffering
P431F2_right_polys
polygon invalid, buffering
P388F2_mid_polys
polygon invalid, buffering
P388F2_left_polys
polygon invalid, buffering
polygon invalid, buffering
P388F2_right_polys
polygon invalid, buffering
polygon invalid, buffering
P247F1_mid_polys
P247F1_left_polys
polygon invalid, buffering
P247F1_right_polys
polygon invalid, buffering
P389F2_mid_polys
P389F2_left_polys
P389F2_right_polys
P410F2_mid_polys
P410F2_left_polys
P410F2_right_polys
P432F2_mid_polys
polygon invalid, buffering
P432F2_left_polys
polygon invalid, buffering
polygon invalid, buffering
P432F2_right_polys
polygon invalid, buffering
P430F1_mid_polys
P430F1_left_polys
P430F1_right_polys
P338F1_mid_polys
P338F1_left_polys
polygon invalid, buffering
P338F1_right_polys
P428F1_mid_polys
P428F1_left_polys
P428F1_right_polys
polygon invalid, buffering
P258F1_mid_polys
P258F1_left_polys
P258F1_right_polys
polygon invalid, buffering
P361F2_mid_polys
P361F2_left_polys
P361F2_right_polys
P299F1_mid_polys
P299F1_left_polys
P299F1_right_polys
P402F2_mid_polys
P402F2_left_polys
P402F2_right_polys
polygon invalid, buffering
polygon invalid, buffering
P373F1_mid_polys
P373F1_left_polys
Traceback (most recent call last):
  File "/home/daniel/Documents/cooley_lab/mimulusSpeckling/make_polygons/get_spots.py", line 235, in <module>
    spotPolRaw = digitizePols(spotsMat)
  File "/home/daniel/Documents/cooley_lab/mimulusSpeckling/make_polygons/get_spots.py", line 67, in digitizePols
    return(shapelyPoly)
UnboundLocalError: local variable 'shapelyPoly' referenced before assignment
P373F1_right_polys
Traceback (most recent call last):
  File "/home/daniel/Documents/cooley_lab/mimulusSpeckling/make_polygons/get_spots.py", line 235, in <module>
    spotPolRaw = digitizePols(spotsMat)
  File "/home/daniel/Documents/cooley_lab/mimulusSpeckling/make_polygons/get_spots.py", line 67, in digitizePols
    return(shapelyPoly)
UnboundLocalError: local variable 'shapelyPoly' referenced before assignment
P385F2_mid_polys
polygon invalid, buffering
P385F2_left_polys
polygon invalid, buffering
P385F2_right_polys
P419F1_mid_polys
polygon invalid, buffering
P419F1_left_polys
polygon invalid, buffering
P419F1_right_polys
P368F2_mid_polys
polygon invalid, buffering
P368F2_left_polys
polygon invalid, buffering
P368F2_right_polys
polygon invalid, buffering
P365F2_mid_polys
polygon invalid, buffering
P365F2_left_polys
polygon invalid, buffering
P365F2_right_polys
polygon invalid, buffering
P381F2_mid_polys
P381F2_left_polys
P381F2_right_polys
P424F2_mid_polys
Traceback (most recent call last):
  File "/home/daniel/Documents/cooley_lab/mimulusSpeckling/make_polygons/get_spots.py", line 235, in <module>
    spotPolRaw = digitizePols(spotsMat)
  File "/home/daniel/Documents/cooley_lab/mimulusSpeckling/make_polygons/get_spots.py", line 67, in digitizePols
    return(shapelyPoly)
UnboundLocalError: local variable 'shapelyPoly' referenced before assignment
P424F2_left_polys
P424F2_right_polys
Traceback (most recent call last):
  File "/home/daniel/Documents/cooley_lab/mimulusSpeckling/make_polygons/get_spots.py", line 235, in <module>
    spotPolRaw = digitizePols(spotsMat)
  File "/home/daniel/Documents/cooley_lab/mimulusSpeckling/make_polygons/get_spots.py", line 67, in digitizePols
    return(shapelyPoly)
UnboundLocalError: local variable 'shapelyPoly' referenced before assignment
P371F1_mid_polys
polygon invalid, buffering
P371F1_left_polys
polygon invalid, buffering
P371F1_right_polys
polygon invalid, buffering
polygon invalid, buffering
P441F1_mid_polys
polygon invalid, buffering
polygon invalid, buffering
P441F1_left_polys
polygon invalid, buffering
polygon invalid, buffering
P441F1_right_polys
polygon invalid, buffering
polygon invalid, buffering
P414F1_mid_polys
polygon invalid, buffering
polygon invalid, buffering
P414F1_left_polys
polygon invalid, buffering
polygon invalid, buffering
P414F1_right_polys
polygon invalid, buffering
polygon invalid, buffering
P393F1_mid_polys
P393F1_left_polys
P393F1_right_polys
P247F3_mid_polys
P247F3_left_polys
P247F3_right_polys
P352F2_mid_polys
polygon invalid, buffering
P352F2_left_polys
polygon invalid, buffering
P352F2_right_polys
polygon invalid, buffering
P417F1_mid_polys
polygon invalid, buffering
P417F1_left_polys
polygon invalid, buffering
P417F1_right_polys
P413F1_mid_polys
polygon invalid, buffering
P413F1_left_polys
polygon invalid, buffering
P413F1_right_polys
polygon invalid, buffering
P341F2_mid_polys
polygon invalid, buffering
P341F2_left_polys
polygon invalid, buffering
P341F2_right_polys
polygon invalid, buffering
P398F1_mid_polys
polygon invalid, buffering
P398F1_left_polys
polygon invalid, buffering
P398F1_right_polys
P398F2_mid_polys
P398F2_left_polys
polygon invalid, buffering
P398F2_right_polys
polygon invalid, buffering
P413F2_mid_polys
polygon invalid, buffering
P413F2_left_polys
polygon invalid, buffering
P413F2_right_polys
polygon invalid, buffering
P416F1_mid_polys
polygon invalid, buffering
P416F1_left_polys
P416F1_right_polys
polygon invalid, buffering
P364F2_mid_polys
polygon invalid, buffering
P364F2_left_polys
P364F2_right_polys
P424F1_mid_polys
polygon invalid, buffering
P424F1_left_polys
polygon invalid, buffering
P424F1_right_polys
polygon invalid, buffering
P401F1_mid_polys
polygon invalid, buffering
P401F1_left_polys
polygon invalid, buffering
P401F1_right_polys
polygon invalid, buffering
P381F1_mid_polys
P381F1_left_polys
P381F1_right_polys
P428F2_mid_polys
P428F2_left_polys
P428F2_right_polys
polygon invalid, buffering
P388F1_mid_polys
P388F1_left_polys
P388F1_right_polys
P402F1_mid_polys
polygon invalid, buffering
P402F1_left_polys
polygon invalid, buffering
P402F1_right_polys
P344F2_mid_polys
polygon invalid, buffering
P344F2_left_polys
P344F2_right_polys
polygon invalid, buffering
polygon invalid, buffering
P430F2_mid_polys
polygon invalid, buffering
P430F2_left_polys
polygon invalid, buffering
P430F2_right_polys
polygon invalid, buffering
P441F2_mid_polys
polygon invalid, buffering
P441F2_left_polys
polygon invalid, buffering
P441F2_right_polys
polygon invalid, buffering
polygon invalid, buffering
P436F1_mid_polys
polygon invalid, buffering
P436F1_left_polys
polygon invalid, buffering
P436F1_right_polys
polygon invalid, buffering
P385F1_mid_polys
polygon invalid, buffering
P385F1_left_polys
polygon invalid, buffering
P385F1_right_polys
polygon invalid, buffering
P378F2_mid_polys
polygon invalid, buffering
P378F2_left_polys
P378F2_right_polys
polygon invalid, buffering
P407F1_mid_polys
polygon invalid, buffering
P407F1_left_polys
P407F1_right_polys
P348F2_mid_polys
polygon invalid, buffering
P348F2_left_polys
polygon invalid, buffering
P348F2_right_polys
polygon invalid, buffering
polygon invalid, buffering
