P500F1
left
P500F1_left_polys
P500F1_left_polys.geojson
mid
P500F1_mid_polys
polygon invalid, buffering
polygon invalid, buffering
P500F1_mid_polys.geojson
right
P500F1_right_polys
polygon invalid, buffering
polygon invalid, buffering
P500F1_right_polys.geojson
/Users/danthomas/Documents/speckling/make_polygons/plate2
P500F2
left
P500F2_left_polys
polygon invalid, buffering
P500F2_left_polys.geojson
mid
P500F2_mid_polys
polygon invalid, buffering
P500F2_mid_polys.geojson
right
P500F2_right_polys
polygon invalid, buffering
P500F2_right_polys.geojson
/Users/danthomas/Documents/speckling/make_polygons/plate2
P501F1
left
P501F1_left_polys
P501F1_left_polys.geojson
mid
P501F1_mid_polys
P501F1_mid_polys.geojson
right
P501F1_right_polys
polygon invalid, buffering
P501F1_right_polys.geojson
/Users/danthomas/Documents/speckling/make_polygons/plate2
P501F2
left
P501F2_left_polys
P501F2_left_polys.geojson
mid
P501F2_mid_polys
P501F2_mid_polys.geojson
right
P501F2_right_polys
P501F2_right_polys.geojson
/Users/danthomas/Documents/speckling/make_polygons/plate2
P502F1
left
P502F1_left_polys
polygon invalid, buffering
P502F1_left_polys.geojson
mid
P502F1_mid_polys
polygon invalid, buffering
P502F1_mid_polys.geojson
right
P502F1_right_polys
polygon invalid, buffering
P502F1_right_polys.geojson
/Users/danthomas/Documents/speckling/make_polygons/plate2
P502F2
left
P502F2_left_polys
P502F2_left_polys.geojson
mid
P502F2_mid_polys
polygon invalid, buffering
P502F2_mid_polys.geojson
right
P502F2_right_polys
polygon invalid, buffering
P502F2_right_polys.geojson
/Users/danthomas/Documents/speckling/make_polygons/plate2
P504F1
left
P504F1_left_polys
polygon invalid, buffering
P504F1_left_polys.geojson
mid
P504F1_mid_polys
P504F1_mid_polys.geojson
right
P504F1_right_polys
P504F1_right_polys.geojson
/Users/danthomas/Documents/speckling/make_polygons/plate2
P504F2
left
P504F2_left_polys
P504F2_left_polys.geojson
mid
P504F2_mid_polys
P504F2_mid_polys.geojson
right
P504F2_right_polys
polygon invalid, buffering
P504F2_right_polys.geojson
/Users/danthomas/Documents/speckling/make_polygons/plate2
P507F1
left
P507F1_left_polys
polygon invalid, buffering
P507F1_left_polys.geojson
mid
P507F1_mid_polys
polygon invalid, buffering
P507F1_mid_polys.geojson
right
P507F1_right_polys
polygon invalid, buffering
P507F1_right_polys.geojson
/Users/danthomas/Documents/speckling/make_polygons/plate2
P507F2
left
P507F2_left_polys
polygon invalid, buffering
P507F2_left_polys.geojson
mid
P507F2_mid_polys
polygon invalid, buffering
P507F2_mid_polys.geojson
right
P507F2_right_polys
polygon invalid, buffering
P507F2_right_polys.geojson
/Users/danthomas/Documents/speckling/make_polygons/plate2
P508F1
left
P508F1_left_polys
P508F1_left_polys.geojson
mid
P508F1_mid_polys
polygon invalid, buffering
P508F1_mid_polys.geojson
right
P508F1_right_polys
P508F1_right_polys.geojson
/Users/danthomas/Documents/speckling/make_polygons/plate2
P508F2
left
P508F2_left_polys
P508F2_left_polys.geojson
mid
P508F2_mid_polys
P508F2_mid_polys.geojson
right
P508F2_right_polys
P508F2_right_polys.geojson
/Users/danthomas/Documents/speckling/make_polygons/plate2
P509F1
left
P509F1_left_polys
polygon invalid, buffering
polygon invalid, buffering
P509F1_left_polys.geojson
mid
P509F1_mid_polys
polygon invalid, buffering
P509F1_mid_polys.geojson
right
P509F1_right_polys
polygon invalid, buffering
P509F1_right_polys.geojson
/Users/danthomas/Documents/speckling/make_polygons/plate2
P509F2
left
P509F2_left_polys
polygon invalid, buffering
P509F2_left_polys.geojson
mid
P509F2_mid_polys
polygon invalid, buffering
polygon invalid, buffering
P509F2_mid_polys.geojson
right
P509F2_right_polys
P509F2_right_polys.geojson
/Users/danthomas/Documents/speckling/make_polygons/plate2
P510F1
left
P510F1_left_polys
polygon invalid, buffering
P510F1_left_polys.geojson
mid
P510F1_mid_polys
polygon invalid, buffering
P510F1_mid_polys.geojson
right
P510F1_right_polys
polygon invalid, buffering
P510F1_right_polys.geojson
/Users/danthomas/Documents/speckling/make_polygons/plate2
P510F2
left
P510F2_left_polys
polygon invalid, buffering
P510F2_left_polys.geojson
mid
P510F2_mid_polys
polygon invalid, buffering
P510F2_mid_polys.geojson
right
P510F2_right_polys
polygon invalid, buffering
P510F2_right_polys.geojson
/Users/danthomas/Documents/speckling/make_polygons/plate2
P512F1
left
P512F1_left_polys
P512F1_left_polys.geojson
mid
P512F1_mid_polys
polygon invalid, buffering
P512F1_mid_polys.geojson
right
P512F1_right_polys
polygon invalid, buffering
polygon invalid, buffering
P512F1_right_polys.geojson
/Users/danthomas/Documents/speckling/make_polygons/plate2
P512F2
left
P512F2_left_polys
P512F2_left_polys.geojson
mid
P512F2_mid_polys
P512F2_mid_polys.geojson
right
P512F2_right_polys
P512F2_right_polys.geojson
/Users/danthomas/Documents/speckling/make_polygons/plate2
P513F1
left
P513F1_left_polys
polygon invalid, buffering
P513F1_left_polys.geojson
mid
P513F1_mid_polys
polygon invalid, buffering
P513F1_mid_polys.geojson
right
P513F1_right_polys
polygon invalid, buffering
polygon invalid, buffering
P513F1_right_polys.geojson
/Users/danthomas/Documents/speckling/make_polygons/plate2
P513F2
left
P513F2_left_polys
polygon invalid, buffering
P513F2_left_polys.geojson
mid
P513F2_mid_polys
polygon invalid, buffering
polygon invalid, buffering
P513F2_mid_polys.geojson
right
P513F2_right_polys
polygon invalid, buffering
P513F2_right_polys.geojson
/Users/danthomas/Documents/speckling/make_polygons/plate2
P514F1
left
P514F1_left_polys
polygon invalid, buffering
polygon invalid, buffering
P514F1_left_polys.geojson
mid
P514F1_mid_polys
P514F1_mid_polys.geojson
right
P514F1_right_polys
polygon invalid, buffering
polygon invalid, buffering
P514F1_right_polys.geojson
/Users/danthomas/Documents/speckling/make_polygons/plate2
P514F2
left
P514F2_left_polys
P514F2_left_polys.geojson
mid
P514F2_mid_polys
P514F2_mid_polys.geojson
right
P514F2_right_polys
P514F2_right_polys.geojson
/Users/danthomas/Documents/speckling/make_polygons/plate2
P515F1
left
P515F1_left_polys
polygon invalid, buffering
P515F1_left_polys.geojson
mid
P515F1_mid_polys
P515F1_mid_polys.geojson
right
P515F1_right_polys
polygon invalid, buffering
polygon invalid, buffering
P515F1_right_polys.geojson
/Users/danthomas/Documents/speckling/make_polygons/plate2
P515F2
left
P515F2_left_polys
polygon invalid, buffering
P515F2_left_polys.geojson
mid
P515F2_mid_polys
P515F2_mid_polys.geojson
right
P515F2_right_polys
polygon invalid, buffering
polygon invalid, buffering
P515F2_right_polys.geojson
/Users/danthomas/Documents/speckling/make_polygons/plate2
P517F1
left
P517F1_left_polys
polygon invalid, buffering
P517F1_left_polys.geojson
mid
P517F1_mid_polys
polygon invalid, buffering
polygon invalid, buffering
P517F1_mid_polys.geojson
right
P517F1_right_polys
polygon invalid, buffering
P517F1_right_polys.geojson
/Users/danthomas/Documents/speckling/make_polygons/plate2
P517F2
left
P517F2_left_polys
polygon invalid, buffering
P517F2_left_polys.geojson
mid
P517F2_mid_polys
polygon invalid, buffering
P517F2_mid_polys.geojson
right
P517F2_right_polys
P517F2_right_polys.geojson
/Users/danthomas/Documents/speckling/make_polygons/plate2
P518F1
left
P518F1_left_polys
P518F1_left_polys.geojson
mid
P518F1_mid_polys
P518F1_mid_polys.geojson
right
P518F1_right_polys
polygon invalid, buffering
P518F1_right_polys.geojson
/Users/danthomas/Documents/speckling/make_polygons/plate2
P518F2
left
P518F2_left_polys
P518F2_left_polys.geojson
mid
P518F2_mid_polys
P518F2_mid_polys.geojson
right
P518F2_right_polys
P518F2_right_polys.geojson
/Users/danthomas/Documents/speckling/make_polygons/plate2
P519F1
left
P519F1_left_polys
polygon invalid, buffering
P519F1_left_polys.geojson
mid
P519F1_mid_polys
polygon invalid, buffering
P519F1_mid_polys.geojson
right
P519F1_right_polys
P519F1_right_polys.geojson
/Users/danthomas/Documents/speckling/make_polygons/plate2
P519F2
left
P519F2_left_polys
polygon invalid, buffering
P519F2_left_polys.geojson
mid
P519F2_mid_polys
P519F2_mid_polys.geojson
right
P519F2_right_polys
polygon invalid, buffering
P519F2_right_polys.geojson
/Users/danthomas/Documents/speckling/make_polygons/plate2
P520F1
left
P520F1_left_polys
polygon invalid, buffering
P520F1_left_polys.geojson
mid
P520F1_mid_polys
polygon invalid, buffering
polygon invalid, buffering
P520F1_mid_polys.geojson
right
P520F1_right_polys
P520F1_right_polys.geojson
/Users/danthomas/Documents/speckling/make_polygons/plate2
P520F2
left
P520F2_left_polys
polygon invalid, buffering
P520F2_left_polys.geojson
mid
P520F2_mid_polys
polygon invalid, buffering
P520F2_mid_polys.geojson
right
P520F2_right_polys
P520F2_right_polys.geojson
/Users/danthomas/Documents/speckling/make_polygons/plate2
P523F1
left
P523F1_left_polys
P523F1_left_polys.geojson
mid
P523F1_mid_polys
polygon invalid, buffering
P523F1_mid_polys.geojson
right
P523F1_right_polys
polygon invalid, buffering
polygon invalid, buffering
P523F1_right_polys.geojson
/Users/danthomas/Documents/speckling/make_polygons/plate2
P523F2
left
P523F2_left_polys
P523F2_left_polys.geojson
mid
P523F2_mid_polys
P523F2_mid_polys.geojson
right
P523F2_right_polys
P523F2_right_polys.geojson
/Users/danthomas/Documents/speckling/make_polygons/plate2
P524F1
left
P524F1_left_polys
polygon invalid, buffering
P524F1_left_polys.geojson
mid
P524F1_mid_polys
polygon invalid, buffering
P524F1_mid_polys.geojson
right
P524F1_right_polys
P524F1_right_polys.geojson
/Users/danthomas/Documents/speckling/make_polygons/plate2
P524F2
left
P524F2_left_polys
polygon invalid, buffering
P524F2_left_polys.geojson
mid
P524F2_mid_polys
polygon invalid, buffering
P524F2_mid_polys.geojson
right
P524F2_right_polys
P524F2_right_polys.geojson
/Users/danthomas/Documents/speckling/make_polygons/plate2
P527F1
left
P527F1_left_polys
polygon invalid, buffering
polygon invalid, buffering
P527F1_left_polys.geojson
mid
P527F1_mid_polys
polygon invalid, buffering
polygon invalid, buffering
P527F1_mid_polys.geojson
right
P527F1_right_polys
polygon invalid, buffering
polygon invalid, buffering
P527F1_right_polys.geojson
/Users/danthomas/Documents/speckling/make_polygons/plate2
P527F2
left
P527F2_left_polys
polygon invalid, buffering
P527F2_left_polys.geojson
mid
P527F2_mid_polys
polygon invalid, buffering
P527F2_mid_polys.geojson
right
P527F2_right_polys
polygon invalid, buffering
P527F2_right_polys.geojson
/Users/danthomas/Documents/speckling/make_polygons/plate2
P533F1
left
P533F1_left_polys
polygon invalid, buffering
P533F1_left_polys.geojson
mid
P533F1_mid_polys
P533F1_mid_polys.geojson
right
P533F1_right_polys
polygon invalid, buffering
P533F1_right_polys.geojson
/Users/danthomas/Documents/speckling/make_polygons/plate2
P534F1
left
P534F1_left_polys
P534F1_left_polys.geojson
mid
P534F1_mid_polys
polygon invalid, buffering
P534F1_mid_polys.geojson
right
P534F1_right_polys
polygon invalid, buffering
P534F1_right_polys.geojson
/Users/danthomas/Documents/speckling/make_polygons/plate2
P541F1
left
P541F1_left_polys
polygon invalid, buffering
polygon invalid, buffering
P541F1_left_polys.geojson
mid
P541F1_mid_polys
polygon invalid, buffering
polygon invalid, buffering
P541F1_mid_polys.geojson
right
P541F1_right_polys
polygon invalid, buffering
polygon invalid, buffering
P541F1_right_polys.geojson
/Users/danthomas/Documents/speckling/make_polygons/plate2
P541F2
left
P541F2_left_polys
polygon invalid, buffering
polygon invalid, buffering
P541F2_left_polys.geojson
mid
P541F2_mid_polys
polygon invalid, buffering
P541F2_mid_polys.geojson
right
P541F2_right_polys
polygon invalid, buffering
polygon invalid, buffering
P541F2_right_polys.geojson
/Users/danthomas/Documents/speckling/make_polygons/plate2
P542F2
left
P542F2_left_polys
polygon invalid, buffering
P542F2_left_polys.geojson
mid
P542F2_mid_polys
polygon invalid, buffering
P542F2_mid_polys.geojson
right
P542F2_right_polys
polygon invalid, buffering
polygon invalid, buffering
P542F2_right_polys.geojson
/Users/danthomas/Documents/speckling/make_polygons/plate2
P543F1
left
P543F1_left_polys
polygon invalid, buffering
P543F1_left_polys.geojson
mid
P543F1_mid_polys
polygon invalid, buffering
P543F1_mid_polys.geojson
right
P543F1_right_polys
polygon invalid, buffering
polygon invalid, buffering
P543F1_right_polys.geojson
/Users/danthomas/Documents/speckling/make_polygons/plate2
P702F1
left
P702F1_left_polys
polygon invalid, buffering
polygon invalid, buffering
P702F1_left_polys.geojson
mid
P702F1_mid_polys
polygon invalid, buffering
P702F1_mid_polys.geojson
right
P702F1_right_polys
polygon invalid, buffering
polygon invalid, buffering
P702F1_right_polys.geojson
/Users/danthomas/Documents/speckling/make_polygons/plate2
P702F2
left
P702F2_left_polys
polygon invalid, buffering
P702F2_left_polys.geojson
mid
P702F2_mid_polys
polygon invalid, buffering
P702F2_mid_polys.geojson
right
P702F2_right_polys
polygon invalid, buffering
polygon invalid, buffering
P702F2_right_polys.geojson
/Users/danthomas/Documents/speckling/make_polygons/plate2
P703F1
left
P703F1_left_polys
polygon invalid, buffering
polygon invalid, buffering
P703F1_left_polys.geojson
mid
P703F1_mid_polys
polygon invalid, buffering
polygon invalid, buffering
P703F1_mid_polys.geojson
right
P703F1_right_polys
polygon invalid, buffering
polygon invalid, buffering
P703F1_right_polys.geojson
/Users/danthomas/Documents/speckling/make_polygons/plate2
P703F2
left
P703F2_left_polys
polygon invalid, buffering
polygon invalid, buffering
P703F2_left_polys.geojson
mid
P703F2_mid_polys
polygon invalid, buffering
polygon invalid, buffering
P703F2_mid_polys.geojson
right
P703F2_right_polys
polygon invalid, buffering
polygon invalid, buffering
P703F2_right_polys.geojson
/Users/danthomas/Documents/speckling/make_polygons/plate2
P704F1
left
P704F1_left_polys
P704F1_left_polys.geojson
mid
P704F1_mid_polys
polygon invalid, buffering
P704F1_mid_polys.geojson
right
P704F1_right_polys
polygon invalid, buffering
P704F1_right_polys.geojson
/Users/danthomas/Documents/speckling/make_polygons/plate2
P704F3
left
P704F3_left_polys
polygon invalid, buffering
polygon invalid, buffering
P704F3_left_polys.geojson
mid
P704F3_mid_polys
polygon invalid, buffering
polygon invalid, buffering
P704F3_mid_polys.geojson
right
P704F3_right_polys
polygon invalid, buffering
polygon invalid, buffering
P704F3_right_polys.geojson
/Users/danthomas/Documents/speckling/make_polygons/plate2
P705F1
left
P705F1_left_polys
polygon invalid, buffering
polygon invalid, buffering
P705F1_left_polys.geojson
mid
P705F1_mid_polys
polygon invalid, buffering
polygon invalid, buffering
P705F1_mid_polys.geojson
right
P705F1_right_polys
polygon invalid, buffering
polygon invalid, buffering
P705F1_right_polys.geojson
/Users/danthomas/Documents/speckling/make_polygons/plate2
P705F2
left
P705F2_left_polys
polygon invalid, buffering
polygon invalid, buffering
P705F2_left_polys.geojson
mid
P705F2_mid_polys
polygon invalid, buffering
polygon invalid, buffering
P705F2_mid_polys.geojson
right
P705F2_right_polys
polygon invalid, buffering
polygon invalid, buffering
P705F2_right_polys.geojson
/Users/danthomas/Documents/speckling/make_polygons/plate2
P707F1
left
P707F1_left_polys
polygon invalid, buffering
polygon invalid, buffering
P707F1_left_polys.geojson
mid
P707F1_mid_polys
polygon invalid, buffering
polygon invalid, buffering
P707F1_mid_polys.geojson
right
P707F1_right_polys
polygon invalid, buffering
polygon invalid, buffering
P707F1_right_polys.geojson
/Users/danthomas/Documents/speckling/make_polygons/plate2
P707F2
left
P707F2_left_polys
polygon invalid, buffering
polygon invalid, buffering
P707F2_left_polys.geojson
mid
P707F2_mid_polys
polygon invalid, buffering
polygon invalid, buffering
P707F2_mid_polys.geojson
right
P707F2_right_polys
polygon invalid, buffering
polygon invalid, buffering
P707F2_right_polys.geojson
/Users/danthomas/Documents/speckling/make_polygons/plate2
P708F1
left
P708F1_left_polys
polygon invalid, buffering
P708F1_left_polys.geojson
mid
P708F1_mid_polys
polygon invalid, buffering
polygon invalid, buffering
P708F1_mid_polys.geojson
right
P708F1_right_polys
polygon invalid, buffering
P708F1_right_polys.geojson
/Users/danthomas/Documents/speckling/make_polygons/plate2
P708F2
left
P708F2_left_polys
polygon invalid, buffering
polygon invalid, buffering
P708F2_left_polys.geojson
mid
P708F2_mid_polys
polygon invalid, buffering
polygon invalid, buffering
P708F2_mid_polys.geojson
right
P708F2_right_polys
polygon invalid, buffering
P708F2_right_polys.geojson
/Users/danthomas/Documents/speckling/make_polygons/plate2
P709F1
left
P709F1_left_polys
polygon invalid, buffering
polygon invalid, buffering
P709F1_left_polys.geojson
mid
P709F1_mid_polys
polygon invalid, buffering
polygon invalid, buffering
P709F1_mid_polys.geojson
right
P709F1_right_polys
polygon invalid, buffering
polygon invalid, buffering
P709F1_right_polys.geojson
/Users/danthomas/Documents/speckling/make_polygons/plate2
P709F2
left
P709F2_left_polys
P709F2_left_polys.geojson
mid
P709F2_mid_polys
polygon invalid, buffering
polygon invalid, buffering
P709F2_mid_polys.geojson
right
P709F2_right_polys
polygon invalid, buffering
polygon invalid, buffering
P709F2_right_polys.geojson
/Users/danthomas/Documents/speckling/make_polygons/plate2
P710F1
left
P710F1_left_polys
polygon invalid, buffering
P710F1_left_polys.geojson
mid
P710F1_mid_polys
polygon invalid, buffering
polygon invalid, buffering
P710F1_mid_polys.geojson
right
P710F1_right_polys
polygon invalid, buffering
polygon invalid, buffering
P710F1_right_polys.geojson
/Users/danthomas/Documents/speckling/make_polygons/plate2
P710F3
left
P710F3_left_polys
polygon invalid, buffering
P710F3_left_polys.geojson
mid
P710F3_mid_polys
polygon invalid, buffering
P710F3_mid_polys.geojson
right
P710F3_right_polys
polygon invalid, buffering
polygon invalid, buffering
P710F3_right_polys.geojson
/Users/danthomas/Documents/speckling/make_polygons/plate2
P711F1
left
P711F1_left_polys
polygon invalid, buffering
polygon invalid, buffering
P711F1_left_polys.geojson
mid
P711F1_mid_polys
polygon invalid, buffering
polygon invalid, buffering
P711F1_mid_polys.geojson
right
P711F1_right_polys
polygon invalid, buffering
polygon invalid, buffering
P711F1_right_polys.geojson
/Users/danthomas/Documents/speckling/make_polygons/plate2
P711F2
left
P711F2_left_polys
polygon invalid, buffering
polygon invalid, buffering
P711F2_left_polys.geojson
mid
P711F2_mid_polys
polygon invalid, buffering
polygon invalid, buffering
P711F2_mid_polys.geojson
right
P711F2_right_polys
polygon invalid, buffering
polygon invalid, buffering
P711F2_right_polys.geojson
/Users/danthomas/Documents/speckling/make_polygons/plate2
P713F1
left
P713F1_left_polys
polygon invalid, buffering
polygon invalid, buffering
P713F1_left_polys.geojson
mid
P713F1_mid_polys
polygon invalid, buffering
polygon invalid, buffering
P713F1_mid_polys.geojson
right
P713F1_right_polys
polygon invalid, buffering
polygon invalid, buffering
P713F1_right_polys.geojson
/Users/danthomas/Documents/speckling/make_polygons/plate2
P713F2
left
P713F2_left_polys
polygon invalid, buffering
polygon invalid, buffering
P713F2_left_polys.geojson
mid
P713F2_mid_polys
polygon invalid, buffering
polygon invalid, buffering
P713F2_mid_polys.geojson
right
P713F2_right_polys
polygon invalid, buffering
polygon invalid, buffering
P713F2_right_polys.geojson
/Users/danthomas/Documents/speckling/make_polygons/plate2
P714F1
left
P714F1_left_polys
polygon invalid, buffering
polygon invalid, buffering
P714F1_left_polys.geojson
mid
P714F1_mid_polys
polygon invalid, buffering
polygon invalid, buffering
P714F1_mid_polys.geojson
right
P714F1_right_polys
polygon invalid, buffering
polygon invalid, buffering
P714F1_right_polys.geojson
/Users/danthomas/Documents/speckling/make_polygons/plate2
P714F3
left
P714F3_left_polys
polygon invalid, buffering
polygon invalid, buffering
P714F3_left_polys.geojson
mid
P714F3_mid_polys
polygon invalid, buffering
polygon invalid, buffering
P714F3_mid_polys.geojson
right
P714F3_right_polys
polygon invalid, buffering
polygon invalid, buffering
P714F3_right_polys.geojson
/Users/danthomas/Documents/speckling/make_polygons/plate2
P715F1
left
P715F1_left_polys
polygon invalid, buffering
polygon invalid, buffering
P715F1_left_polys.geojson
mid
P715F1_mid_polys
polygon invalid, buffering
P715F1_mid_polys.geojson
right
P715F1_right_polys
polygon invalid, buffering
polygon invalid, buffering
P715F1_right_polys.geojson
/Users/danthomas/Documents/speckling/make_polygons/plate2
P715F2
left
P715F2_left_polys
polygon invalid, buffering
polygon invalid, buffering
P715F2_left_polys.geojson
mid
P715F2_mid_polys
polygon invalid, buffering
P715F2_mid_polys.geojson
right
P715F2_right_polys
polygon invalid, buffering
polygon invalid, buffering
P715F2_right_polys.geojson
/Users/danthomas/Documents/speckling/make_polygons/plate2
P716F1
left
P716F1_left_polys
polygon invalid, buffering
polygon invalid, buffering
P716F1_left_polys.geojson
mid
P716F1_mid_polys
polygon invalid, buffering
polygon invalid, buffering
P716F1_mid_polys.geojson
right
P716F1_right_polys
polygon invalid, buffering
polygon invalid, buffering
P716F1_right_polys.geojson
/Users/danthomas/Documents/speckling/make_polygons/plate2
P716F2
left
P716F2_left_polys
polygon invalid, buffering
polygon invalid, buffering
P716F2_left_polys.geojson
mid
P716F2_mid_polys
polygon invalid, buffering
polygon invalid, buffering
P716F2_mid_polys.geojson
right
P716F2_right_polys
polygon invalid, buffering
polygon invalid, buffering
P716F2_right_polys.geojson
/Users/danthomas/Documents/speckling/make_polygons/plate2
P717F1
left
P717F1_left_polys
polygon invalid, buffering
polygon invalid, buffering
P717F1_left_polys.geojson
mid
P717F1_mid_polys
polygon invalid, buffering
P717F1_mid_polys.geojson
right
P717F1_right_polys
polygon invalid, buffering
polygon invalid, buffering
P717F1_right_polys.geojson
/Users/danthomas/Documents/speckling/make_polygons/plate2
P717F2
left
P717F2_left_polys
polygon invalid, buffering
P717F2_left_polys.geojson
mid
P717F2_mid_polys
polygon invalid, buffering
polygon invalid, buffering
P717F2_mid_polys.geojson
right
P717F2_right_polys
polygon invalid, buffering
polygon invalid, buffering
P717F2_right_polys.geojson
/Users/danthomas/Documents/speckling/make_polygons/plate2
P719F1
left
P719F1_left_polys
polygon invalid, buffering
P719F1_left_polys.geojson
mid
P719F1_mid_polys
P719F1_mid_polys.geojson
right
P719F1_right_polys
polygon invalid, buffering
P719F1_right_polys.geojson
/Users/danthomas/Documents/speckling/make_polygons/plate2
P719F2
left
P719F2_left_polys
polygon invalid, buffering
polygon invalid, buffering
P719F2_left_polys.geojson
mid
P719F2_mid_polys
polygon invalid, buffering
P719F2_mid_polys.geojson
right
P719F2_right_polys
polygon invalid, buffering
polygon invalid, buffering
P719F2_right_polys.geojson
/Users/danthomas/Documents/speckling/make_polygons/plate2
P720F1
left
P720F1_left_polys
polygon invalid, buffering
P720F1_left_polys.geojson
mid
P720F1_mid_polys
polygon invalid, buffering
P720F1_mid_polys.geojson
right
P720F1_right_polys
polygon invalid, buffering
P720F1_right_polys.geojson
/Users/danthomas/Documents/speckling/make_polygons/plate2
P720F2
left
P720F2_left_polys
polygon invalid, buffering
polygon invalid, buffering
P720F2_left_polys.geojson
mid
P720F2_mid_polys
polygon invalid, buffering
P720F2_mid_polys.geojson
right
P720F2_right_polys
polygon invalid, buffering
P720F2_right_polys.geojson
/Users/danthomas/Documents/speckling/make_polygons/plate2
P721F1
left
P721F1_left_polys
P721F1_left_polys.geojson
mid
P721F1_mid_polys
P721F1_mid_polys.geojson
right
P721F1_right_polys
polygon invalid, buffering
P721F1_right_polys.geojson
/Users/danthomas/Documents/speckling/make_polygons/plate2
P721F2
left
P721F2_left_polys
polygon invalid, buffering
P721F2_left_polys.geojson
mid
P721F2_mid_polys
P721F2_mid_polys.geojson
right
P721F2_right_polys
polygon invalid, buffering
P721F2_right_polys.geojson
/Users/danthomas/Documents/speckling/make_polygons/plate2
P722F1
left
P722F1_left_polys
P722F1_left_polys.geojson
mid
P722F1_mid_polys
P722F1_mid_polys.geojson
right
P722F1_right_polys
polygon invalid, buffering
P722F1_right_polys.geojson
/Users/danthomas/Documents/speckling/make_polygons/plate2
P722F2
left
P722F2_left_polys
P722F2_left_polys.geojson
mid
P722F2_mid_polys
P722F2_mid_polys.geojson
right
P722F2_right_polys
polygon invalid, buffering
P722F2_right_polys.geojson
/Users/danthomas/Documents/speckling/make_polygons/plate2
P723F1
left
P723F1_left_polys
polygon invalid, buffering
polygon invalid, buffering
P723F1_left_polys.geojson
mid
P723F1_mid_polys
polygon invalid, buffering
polygon invalid, buffering
P723F1_mid_polys.geojson
right
P723F1_right_polys
polygon invalid, buffering
polygon invalid, buffering
P723F1_right_polys.geojson
/Users/danthomas/Documents/speckling/make_polygons/plate2
P723F2
left
P723F2_left_polys
polygon invalid, buffering
P723F2_left_polys.geojson
mid
P723F2_mid_polys
polygon invalid, buffering
polygon invalid, buffering
P723F2_mid_polys.geojson
right
P723F2_right_polys
polygon invalid, buffering
polygon invalid, buffering
P723F2_right_polys.geojson
/Users/danthomas/Documents/speckling/make_polygons/plate2
P724F1
left
P724F1_left_polys
polygon invalid, buffering
P724F1_left_polys.geojson
mid
P724F1_mid_polys
P724F1_mid_polys.geojson
right
P724F1_right_polys
P724F1_right_polys.geojson
/Users/danthomas/Documents/speckling/make_polygons/plate2
P724F2
left
P724F2_left_polys
P724F2_left_polys.geojson
mid
P724F2_mid_polys
polygon invalid, buffering
polygon invalid, buffering
P724F2_mid_polys.geojson
right
P724F2_right_polys
polygon invalid, buffering
P724F2_right_polys.geojson
/Users/danthomas/Documents/speckling/make_polygons/plate2
P725F1
left
P725F1_left_polys
polygon invalid, buffering
polygon invalid, buffering
P725F1_left_polys.geojson
mid
P725F1_mid_polys
polygon invalid, buffering
polygon invalid, buffering
P725F1_mid_polys.geojson
right
P725F1_right_polys
polygon invalid, buffering
polygon invalid, buffering
P725F1_right_polys.geojson
/Users/danthomas/Documents/speckling/make_polygons/plate2
P725F2
left
P725F2_left_polys
polygon invalid, buffering
polygon invalid, buffering
P725F2_left_polys.geojson
mid
P725F2_mid_polys
polygon invalid, buffering
polygon invalid, buffering
P725F2_mid_polys.geojson
right
P725F2_right_polys
polygon invalid, buffering
polygon invalid, buffering
P725F2_right_polys.geojson
/Users/danthomas/Documents/speckling/make_polygons/plate2
P726F1
left
P726F1_left_polys
P726F1_left_polys.geojson
mid
P726F1_mid_polys
P726F1_mid_polys.geojson
right
P726F1_right_polys
polygon invalid, buffering
P726F1_right_polys.geojson
/Users/danthomas/Documents/speckling/make_polygons/plate2
P726F2
left
P726F2_left_polys
polygon invalid, buffering
P726F2_left_polys.geojson
mid
P726F2_mid_polys
polygon invalid, buffering
P726F2_mid_polys.geojson
right
P726F2_right_polys
polygon invalid, buffering
P726F2_right_polys.geojson
/Users/danthomas/Documents/speckling/make_polygons/plate2
P727F1
left
P727F1_left_polys
polygon invalid, buffering
polygon invalid, buffering
P727F1_left_polys.geojson
mid
P727F1_mid_polys
polygon invalid, buffering
polygon invalid, buffering
P727F1_mid_polys.geojson
right
P727F1_right_polys
polygon invalid, buffering
polygon invalid, buffering
P727F1_right_polys.geojson
/Users/danthomas/Documents/speckling/make_polygons/plate2
P727F2
left
P727F2_left_polys
polygon invalid, buffering
polygon invalid, buffering
P727F2_left_polys.geojson
mid
P727F2_mid_polys
polygon invalid, buffering
polygon invalid, buffering
P727F2_mid_polys.geojson
right
P727F2_right_polys
polygon invalid, buffering
polygon invalid, buffering
P727F2_right_polys.geojson
/Users/danthomas/Documents/speckling/make_polygons/plate2
P728F1
left
P728F1_left_polys
polygon invalid, buffering
P728F1_left_polys.geojson
mid
P728F1_mid_polys
polygon invalid, buffering
P728F1_mid_polys.geojson
right
P728F1_right_polys
polygon invalid, buffering
polygon invalid, buffering
P728F1_right_polys.geojson
/Users/danthomas/Documents/speckling/make_polygons/plate2
P728F2
left
P728F2_left_polys
polygon invalid, buffering
P728F2_left_polys.geojson
mid
P728F2_mid_polys
polygon invalid, buffering
P728F2_mid_polys.geojson
right
P728F2_right_polys
polygon invalid, buffering
polygon invalid, buffering
P728F2_right_polys.geojson
/Users/danthomas/Documents/speckling/make_polygons/plate2
P729F1
left
P729F1_left_polys
polygon invalid, buffering
P729F1_left_polys.geojson
mid
P729F1_mid_polys
polygon invalid, buffering
P729F1_mid_polys.geojson
right
P729F1_right_polys
P729F1_right_polys.geojson
/Users/danthomas/Documents/speckling/make_polygons/plate2
P729F2
left
P729F2_left_polys
polygon invalid, buffering
P729F2_left_polys.geojson
mid
P729F2_mid_polys
polygon invalid, buffering
P729F2_mid_polys.geojson
right
P729F2_right_polys
polygon invalid, buffering
polygon invalid, buffering
P729F2_right_polys.geojson
/Users/danthomas/Documents/speckling/make_polygons/plate2
P730F2
left
P730F2_left_polys
polygon invalid, buffering
polygon invalid, buffering
P730F2_left_polys.geojson
mid
P730F2_mid_polys
polygon invalid, buffering
polygon invalid, buffering
P730F2_mid_polys.geojson
right
P730F2_right_polys
polygon invalid, buffering
polygon invalid, buffering
P730F2_right_polys.geojson
/Users/danthomas/Documents/speckling/make_polygons/plate2
P730F3
left
P730F3_left_polys
polygon invalid, buffering
polygon invalid, buffering
P730F3_left_polys.geojson
mid
P730F3_mid_polys
polygon invalid, buffering
polygon invalid, buffering
P730F3_mid_polys.geojson
right
P730F3_right_polys
polygon invalid, buffering
P730F3_right_polys.geojson
/Users/danthomas/Documents/speckling/make_polygons/plate2
P731F1
left
P731F1_left_polys
polygon invalid, buffering
P731F1_left_polys.geojson
mid
P731F1_mid_polys
polygon invalid, buffering
P731F1_mid_polys.geojson
right
P731F1_right_polys
polygon invalid, buffering
P731F1_right_polys.geojson
/Users/danthomas/Documents/speckling/make_polygons/plate2
P731F2
left
P731F2_left_polys
polygon invalid, buffering
P731F2_left_polys.geojson
mid
P731F2_mid_polys
polygon invalid, buffering
P731F2_mid_polys.geojson
right
P731F2_right_polys
polygon invalid, buffering
P731F2_right_polys.geojson
/Users/danthomas/Documents/speckling/make_polygons/plate2
P732F1
left
P732F1_left_polys
polygon invalid, buffering
polygon invalid, buffering
P732F1_left_polys.geojson
mid
P732F1_mid_polys
polygon invalid, buffering
P732F1_mid_polys.geojson
right
P732F1_right_polys
polygon invalid, buffering
polygon invalid, buffering
P732F1_right_polys.geojson
/Users/danthomas/Documents/speckling/make_polygons/plate2
P732F2
left
P732F2_left_polys
polygon invalid, buffering
P732F2_left_polys.geojson
mid
P732F2_mid_polys
polygon invalid, buffering
P732F2_mid_polys.geojson
right
P732F2_right_polys
polygon invalid, buffering
polygon invalid, buffering
P732F2_right_polys.geojson
/Users/danthomas/Documents/speckling/make_polygons/plate2
P733F3
left
P733F3_left_polys
polygon invalid, buffering
P733F3_left_polys.geojson
mid
P733F3_mid_polys
polygon invalid, buffering
P733F3_mid_polys.geojson
right
P733F3_right_polys
polygon invalid, buffering
polygon invalid, buffering
P733F3_right_polys.geojson
/Users/danthomas/Documents/speckling/make_polygons/plate2
P733F4
left
P733F4_left_polys
polygon invalid, buffering
P733F4_left_polys.geojson
mid
P733F4_mid_polys
P733F4_mid_polys.geojson
right
P733F4_right_polys
polygon invalid, buffering
P733F4_right_polys.geojson
/Users/danthomas/Documents/speckling/make_polygons/plate2
P734F1
left
P734F1_left_polys
P734F1_left_polys.geojson
mid
P734F1_mid_polys
P734F1_mid_polys.geojson
right
P734F1_right_polys
P734F1_right_polys.geojson
/Users/danthomas/Documents/speckling/make_polygons/plate2
P734F2
left
P734F2_left_polys
P734F2_left_polys.geojson
mid
P734F2_mid_polys
polygon invalid, buffering
P734F2_mid_polys.geojson
right
P734F2_right_polys
P734F2_right_polys.geojson
/Users/danthomas/Documents/speckling/make_polygons/plate2
P737F1
left
P737F1_left_polys
polygon invalid, buffering
polygon invalid, buffering
P737F1_left_polys.geojson
mid
P737F1_mid_polys
polygon invalid, buffering
polygon invalid, buffering
P737F1_mid_polys.geojson
right
P737F1_right_polys
polygon invalid, buffering
polygon invalid, buffering
P737F1_right_polys.geojson
/Users/danthomas/Documents/speckling/make_polygons/plate2
P737F2
left
P737F2_left_polys
polygon invalid, buffering
polygon invalid, buffering
P737F2_left_polys.geojson
mid
P737F2_mid_polys
polygon invalid, buffering
polygon invalid, buffering
P737F2_mid_polys.geojson
right
P737F2_right_polys
polygon invalid, buffering
polygon invalid, buffering
P737F2_right_polys.geojson
/Users/danthomas/Documents/speckling/make_polygons/plate2
P738F1
left
P738F1_left_polys
polygon invalid, buffering
mid
P738F1_mid_polys
polygon invalid, buffering
polygon invalid, buffering
P738F1_mid_polys.geojson
right
P738F1_right_polys
polygon invalid, buffering
P738F1_right_polys.geojson
/Users/danthomas/Documents/speckling/make_polygons/plate2
P738F2
left
P738F2_left_polys
polygon invalid, buffering
P738F2_left_polys.geojson
mid
P738F2_mid_polys
polygon invalid, buffering
P738F2_mid_polys.geojson
right
P738F2_right_polys
polygon invalid, buffering
P738F2_right_polys.geojson
/Users/danthomas/Documents/speckling/make_polygons/plate2
P739F1
left
P739F1_left_polys
polygon invalid, buffering
P739F1_left_polys.geojson
mid
P739F1_mid_polys
polygon invalid, buffering
P739F1_mid_polys.geojson
right
P739F1_right_polys
polygon invalid, buffering
polygon invalid, buffering
P739F1_right_polys.geojson
/Users/danthomas/Documents/speckling/make_polygons/plate2
P739F2
left
P739F2_left_polys
polygon invalid, buffering
P739F2_left_polys.geojson
mid
P739F2_mid_polys
polygon invalid, buffering
P739F2_mid_polys.geojson
right
P739F2_right_polys
polygon invalid, buffering
polygon invalid, buffering
P739F2_right_polys.geojson
/Users/danthomas/Documents/speckling/make_polygons/plate2
P740F1
left
P740F1_left_polys
polygon invalid, buffering
polygon invalid, buffering
P740F1_left_polys.geojson
mid
P740F1_mid_polys
polygon invalid, buffering
P740F1_mid_polys.geojson
right
P740F1_right_polys
polygon invalid, buffering
polygon invalid, buffering
P740F1_right_polys.geojson
/Users/danthomas/Documents/speckling/make_polygons/plate2
P740F2
left
P740F2_left_polys
polygon invalid, buffering
polygon invalid, buffering
P740F2_left_polys.geojson
mid
P740F2_mid_polys
polygon invalid, buffering
polygon invalid, buffering
P740F2_mid_polys.geojson
right
P740F2_right_polys
polygon invalid, buffering
polygon invalid, buffering
P740F2_right_polys.geojson
/Users/danthomas/Documents/speckling/make_polygons/plate2
P741F1
left
P741F1_left_polys
polygon invalid, buffering
P741F1_left_polys.geojson
mid
P741F1_mid_polys
polygon invalid, buffering
P741F1_mid_polys.geojson
right
P741F1_right_polys
polygon invalid, buffering
polygon invalid, buffering
P741F1_right_polys.geojson
/Users/danthomas/Documents/speckling/make_polygons/plate2
P741F2
left
P741F2_left_polys
polygon invalid, buffering
polygon invalid, buffering
P741F2_left_polys.geojson
mid
P741F2_mid_polys
polygon invalid, buffering
polygon invalid, buffering
P741F2_mid_polys.geojson
right
P741F2_right_polys
polygon invalid, buffering
polygon invalid, buffering
P741F2_right_polys.geojson
/Users/danthomas/Documents/speckling/make_polygons/plate2
P742F1
left
P742F1_left_polys
polygon invalid, buffering
polygon invalid, buffering
P742F1_left_polys.geojson
mid
P742F1_mid_polys
polygon invalid, buffering
P742F1_mid_polys.geojson
right
P742F1_right_polys
polygon invalid, buffering
P742F1_right_polys.geojson
/Users/danthomas/Documents/speckling/make_polygons/plate2
P742F2
left
P742F2_left_polys
P742F2_left_polys.geojson
mid
P742F2_mid_polys
P742F2_mid_polys.geojson
right
P742F2_right_polys
polygon invalid, buffering
P742F2_right_polys.geojson
/Users/danthomas/Documents/speckling/make_polygons/plate2
P743F1
left
P743F1_left_polys
polygon invalid, buffering
polygon invalid, buffering
P743F1_left_polys.geojson
mid
P743F1_mid_polys
polygon invalid, buffering
polygon invalid, buffering
P743F1_mid_polys.geojson
right
P743F1_right_polys
polygon invalid, buffering
P743F1_right_polys.geojson
/Users/danthomas/Documents/speckling/make_polygons/plate2
P743F2
left
P743F2_left_polys
polygon invalid, buffering
polygon invalid, buffering
P743F2_left_polys.geojson
mid
P743F2_mid_polys
polygon invalid, buffering
P743F2_mid_polys.geojson
right
P743F2_right_polys
polygon invalid, buffering
P743F2_right_polys.geojson
/Users/danthomas/Documents/speckling/make_polygons/plate2
P744F1
left
P744F1_left_polys
polygon invalid, buffering
polygon invalid, buffering
P744F1_left_polys.geojson
mid
P744F1_mid_polys
polygon invalid, buffering
polygon invalid, buffering
P744F1_mid_polys.geojson
right
P744F1_right_polys
polygon invalid, buffering
polygon invalid, buffering
P744F1_right_polys.geojson
/Users/danthomas/Documents/speckling/make_polygons/plate2
P745F1
left
P745F1_left_polys
polygon invalid, buffering
polygon invalid, buffering
P745F1_left_polys.geojson
mid
P745F1_mid_polys
polygon invalid, buffering
P745F1_mid_polys.geojson
right
P745F1_right_polys
polygon invalid, buffering
polygon invalid, buffering
P745F1_right_polys.geojson
/Users/danthomas/Documents/speckling/make_polygons/plate2
P745F2
left
P745F2_left_polys
polygon invalid, buffering
polygon invalid, buffering
P745F2_left_polys.geojson
mid
P745F2_mid_polys
polygon invalid, buffering
P745F2_mid_polys.geojson
right
P745F2_right_polys
polygon invalid, buffering
P745F2_right_polys.geojson
/Users/danthomas/Documents/speckling/make_polygons/plate2
P746F3
left
P746F3_left_polys
polygon invalid, buffering
polygon invalid, buffering
P746F3_left_polys.geojson
mid
P746F3_mid_polys
polygon invalid, buffering
P746F3_mid_polys.geojson
right
P746F3_right_polys
polygon invalid, buffering
polygon invalid, buffering
P746F3_right_polys.geojson
/Users/danthomas/Documents/speckling/make_polygons/plate2
P746F4
left
P746F4_left_polys
polygon invalid, buffering
polygon invalid, buffering
P746F4_left_polys.geojson
mid
P746F4_mid_polys
polygon invalid, buffering
polygon invalid, buffering
P746F4_mid_polys.geojson
right
P746F4_right_polys
polygon invalid, buffering
polygon invalid, buffering
P746F4_right_polys.geojson
/Users/danthomas/Documents/speckling/make_polygons/plate2
P747F1
left
P747F1_left_polys
polygon invalid, buffering
polygon invalid, buffering
P747F1_left_polys.geojson
mid
P747F1_mid_polys
polygon invalid, buffering
P747F1_mid_polys.geojson
right
P747F1_right_polys
polygon invalid, buffering
P747F1_right_polys.geojson
/Users/danthomas/Documents/speckling/make_polygons/plate2
P747F2
left
P747F2_left_polys
polygon invalid, buffering
polygon invalid, buffering
P747F2_left_polys.geojson
mid
P747F2_mid_polys
polygon invalid, buffering
polygon invalid, buffering
P747F2_mid_polys.geojson
right
P747F2_right_polys
polygon invalid, buffering
polygon invalid, buffering
P747F2_right_polys.geojson
/Users/danthomas/Documents/speckling/make_polygons/plate2
P748F1
left
P748F1_left_polys
polygon invalid, buffering
P748F1_left_polys.geojson
mid
P748F1_mid_polys
polygon invalid, buffering
P748F1_mid_polys.geojson
right
P748F1_right_polys
polygon invalid, buffering
polygon invalid, buffering
P748F1_right_polys.geojson
/Users/danthomas/Documents/speckling/make_polygons/plate2
P748F2
left
P748F2_left_polys
polygon invalid, buffering
P748F2_left_polys.geojson
mid
P748F2_mid_polys
polygon invalid, buffering
P748F2_mid_polys.geojson
right
P748F2_right_polys
polygon invalid, buffering
P748F2_right_polys.geojson
/Users/danthomas/Documents/speckling/make_polygons/plate2
P749F1
left
P749F1_left_polys
P749F1_left_polys.geojson
mid
P749F1_mid_polys
right
P749F1_right_polys
P749F1_right_polys.geojson
/Users/danthomas/Documents/speckling/make_polygons/plate2
P749F2
left
P749F2_left_polys
polygon invalid, buffering
P749F2_left_polys.geojson
mid
P749F2_mid_polys
polygon invalid, buffering
P749F2_mid_polys.geojson
right
P749F2_right_polys
polygon invalid, buffering
P749F2_right_polys.geojson
/Users/danthomas/Documents/speckling/make_polygons/plate2
P750F3
left
P750F3_left_polys
polygon invalid, buffering
polygon invalid, buffering
P750F3_left_polys.geojson
mid
P750F3_mid_polys
polygon invalid, buffering
polygon invalid, buffering
P750F3_mid_polys.geojson
right
P750F3_right_polys
polygon invalid, buffering
polygon invalid, buffering
P750F3_right_polys.geojson
/Users/danthomas/Documents/speckling/make_polygons/plate2
P750F4
left
P750F4_left_polys
polygon invalid, buffering
P750F4_left_polys.geojson
mid
P750F4_mid_polys
polygon invalid, buffering
P750F4_mid_polys.geojson
right
P750F4_right_polys
polygon invalid, buffering
polygon invalid, buffering
P750F4_right_polys.geojson
/Users/danthomas/Documents/speckling/make_polygons/plate2
P751F1
left
P751F1_left_polys
polygon invalid, buffering
P751F1_left_polys.geojson
mid
P751F1_mid_polys
polygon invalid, buffering
polygon invalid, buffering
P751F1_mid_polys.geojson
right
P751F1_right_polys
polygon invalid, buffering
polygon invalid, buffering
P751F1_right_polys.geojson
/Users/danthomas/Documents/speckling/make_polygons/plate2
P751F2
left
P751F2_left_polys
polygon invalid, buffering
polygon invalid, buffering
P751F2_left_polys.geojson
mid
P751F2_mid_polys
polygon invalid, buffering
P751F2_mid_polys.geojson
right
P751F2_right_polys
polygon invalid, buffering
P751F2_right_polys.geojson
/Users/danthomas/Documents/speckling/make_polygons/plate2
P752F3
left
P752F3_left_polys
polygon invalid, buffering
P752F3_left_polys.geojson
mid
P752F3_mid_polys
polygon invalid, buffering
P752F3_mid_polys.geojson
right
P752F3_right_polys
polygon invalid, buffering
polygon invalid, buffering
P752F3_right_polys.geojson
/Users/danthomas/Documents/speckling/make_polygons/plate2
P752F4
left
P752F4_left_polys
polygon invalid, buffering
P752F4_left_polys.geojson
mid
P752F4_mid_polys
polygon invalid, buffering
P752F4_mid_polys.geojson
right
P752F4_right_polys
polygon invalid, buffering
P752F4_right_polys.geojson
/Users/danthomas/Documents/speckling/make_polygons/plate2
P753F1
left
P753F1_left_polys
polygon invalid, buffering
polygon invalid, buffering
P753F1_left_polys.geojson
mid
P753F1_mid_polys
polygon invalid, buffering
polygon invalid, buffering
P753F1_mid_polys.geojson
right
P753F1_right_polys
polygon invalid, buffering
polygon invalid, buffering
P753F1_right_polys.geojson
/Users/danthomas/Documents/speckling/make_polygons/plate2
P753F2
left
P753F2_left_polys
polygon invalid, buffering
polygon invalid, buffering
P753F2_left_polys.geojson
mid
P753F2_mid_polys
polygon invalid, buffering
P753F2_mid_polys.geojson
right
P753F2_right_polys
polygon invalid, buffering
polygon invalid, buffering
P753F2_right_polys.geojson
/Users/danthomas/Documents/speckling/make_polygons/plate2
P754F1
left
P754F1_left_polys
polygon invalid, buffering
P754F1_left_polys.geojson
mid
P754F1_mid_polys
polygon invalid, buffering
P754F1_mid_polys.geojson
right
P754F1_right_polys
polygon invalid, buffering
polygon invalid, buffering
P754F1_right_polys.geojson
/Users/danthomas/Documents/speckling/make_polygons/plate2
P754F4
left
P754F4_left_polys
polygon invalid, buffering
P754F4_left_polys.geojson
mid
P754F4_mid_polys
P754F4_mid_polys.geojson
right
P754F4_right_polys
polygon invalid, buffering
polygon invalid, buffering
P754F4_right_polys.geojson
/Users/danthomas/Documents/speckling/make_polygons/plate2
P755F1
left
P755F1_left_polys
polygon invalid, buffering
polygon invalid, buffering
P755F1_left_polys.geojson
mid
P755F1_mid_polys
polygon invalid, buffering
polygon invalid, buffering
P755F1_mid_polys.geojson
right
P755F1_right_polys
polygon invalid, buffering
polygon invalid, buffering
P755F1_right_polys.geojson
/Users/danthomas/Documents/speckling/make_polygons/plate2
P755F3
left
P755F3_left_polys
polygon invalid, buffering
polygon invalid, buffering
P755F3_left_polys.geojson
mid
P755F3_mid_polys
polygon invalid, buffering
polygon invalid, buffering
P755F3_mid_polys.geojson
right
P755F3_right_polys
polygon invalid, buffering
P755F3_right_polys.geojson
/Users/danthomas/Documents/speckling/make_polygons/plate2
P756F1
left
P756F1_left_polys
polygon invalid, buffering
P756F1_left_polys.geojson
mid
P756F1_mid_polys
polygon invalid, buffering
P756F1_mid_polys.geojson
right
P756F1_right_polys
polygon invalid, buffering
P756F1_right_polys.geojson
/Users/danthomas/Documents/speckling/make_polygons/plate2
P756F4
left
P756F4_left_polys
mid
P756F4_mid_polys
P756F4_mid_polys.geojson
right
P756F4_right_polys
polygon invalid, buffering
P756F4_right_polys.geojson
/Users/danthomas/Documents/speckling/make_polygons/plate2
P757F1
left
P757F1_left_polys
P757F1_left_polys.geojson
mid
P757F1_mid_polys
polygon invalid, buffering
P757F1_mid_polys.geojson
right
P757F1_right_polys
polygon invalid, buffering
P757F1_right_polys.geojson
/Users/danthomas/Documents/speckling/make_polygons/plate2
P757F2
left
P757F2_left_polys
polygon invalid, buffering
P757F2_left_polys.geojson
mid
P757F2_mid_polys
P757F2_mid_polys.geojson
right
P757F2_right_polys
P757F2_right_polys.geojson
/Users/danthomas/Documents/speckling/make_polygons/plate2
P758F1
left
P758F1_left_polys
polygon invalid, buffering
P758F1_left_polys.geojson
mid
P758F1_mid_polys
polygon invalid, buffering
P758F1_mid_polys.geojson
right
P758F1_right_polys
polygon invalid, buffering
polygon invalid, buffering
P758F1_right_polys.geojson
/Users/danthomas/Documents/speckling/make_polygons/plate2
P758F2
left
P758F2_left_polys
polygon invalid, buffering
polygon invalid, buffering
P758F2_left_polys.geojson
mid
P758F2_mid_polys
polygon invalid, buffering
polygon invalid, buffering
P758F2_mid_polys.geojson
right
P758F2_right_polys
polygon invalid, buffering
polygon invalid, buffering
P758F2_right_polys.geojson
/Users/danthomas/Documents/speckling/make_polygons/plate2
P759F1
left
P759F1_left_polys
polygon invalid, buffering
polygon invalid, buffering
P759F1_left_polys.geojson
mid
P759F1_mid_polys
polygon invalid, buffering
polygon invalid, buffering
P759F1_mid_polys.geojson
right
P759F1_right_polys
polygon invalid, buffering
polygon invalid, buffering
P759F1_right_polys.geojson
/Users/danthomas/Documents/speckling/make_polygons/plate2
P759F2
left
P759F2_left_polys
polygon invalid, buffering
polygon invalid, buffering
P759F2_left_polys.geojson
mid
P759F2_mid_polys
polygon invalid, buffering
polygon invalid, buffering
P759F2_mid_polys.geojson
right
P759F2_right_polys
polygon invalid, buffering
polygon invalid, buffering
P759F2_right_polys.geojson
/Users/danthomas/Documents/speckling/make_polygons/plate2
P760F1
left
P760F1_left_polys
polygon invalid, buffering
polygon invalid, buffering
P760F1_left_polys.geojson
mid
P760F1_mid_polys
polygon invalid, buffering
P760F1_mid_polys.geojson
right
P760F1_right_polys
polygon invalid, buffering
polygon invalid, buffering
P760F1_right_polys.geojson
/Users/danthomas/Documents/speckling/make_polygons/plate2
P760F2
left
P760F2_left_polys
polygon invalid, buffering
P760F2_left_polys.geojson
mid
P760F2_mid_polys
polygon invalid, buffering
polygon invalid, buffering
P760F2_mid_polys.geojson
right
P760F2_right_polys
polygon invalid, buffering
polygon invalid, buffering
P760F2_right_polys.geojson
/Users/danthomas/Documents/speckling/make_polygons/plate2
P761F1
left
P761F1_left_polys
P761F1_left_polys.geojson
mid
P761F1_mid_polys
P761F1_mid_polys.geojson
right
P761F1_right_polys
polygon invalid, buffering
P761F1_right_polys.geojson
/Users/danthomas/Documents/speckling/make_polygons/plate2
P761F2
left
P761F2_left_polys
polygon invalid, buffering
P761F2_left_polys.geojson
mid
P761F2_mid_polys
polygon invalid, buffering
P761F2_mid_polys.geojson
right
P761F2_right_polys
polygon invalid, buffering
P761F2_right_polys.geojson
/Users/danthomas/Documents/speckling/make_polygons/plate2
P762F1
left
P762F1_left_polys
polygon invalid, buffering
P762F1_left_polys.geojson
mid
P762F1_mid_polys
polygon invalid, buffering
P762F1_mid_polys.geojson
right
P762F1_right_polys
polygon invalid, buffering
P762F1_right_polys.geojson
/Users/danthomas/Documents/speckling/make_polygons/plate2
P762F2
left
P762F2_left_polys
polygon invalid, buffering
P762F2_left_polys.geojson
mid
P762F2_mid_polys
polygon invalid, buffering
P762F2_mid_polys.geojson
right
P762F2_right_polys
polygon invalid, buffering
polygon invalid, buffering
P762F2_right_polys.geojson
/Users/danthomas/Documents/speckling/make_polygons/plate2
P763F1
left
P763F1_left_polys
polygon invalid, buffering
polygon invalid, buffering
P763F1_left_polys.geojson
mid
P763F1_mid_polys
polygon invalid, buffering
polygon invalid, buffering
P763F1_mid_polys.geojson
right
P763F1_right_polys
polygon invalid, buffering
P763F1_right_polys.geojson
/Users/danthomas/Documents/speckling/make_polygons/plate2
P763F2
left
P763F2_left_polys
polygon invalid, buffering
P763F2_left_polys.geojson
mid
P763F2_mid_polys
polygon invalid, buffering
P763F2_mid_polys.geojson
right
P763F2_right_polys
polygon invalid, buffering
P763F2_right_polys.geojson
/Users/danthomas/Documents/speckling/make_polygons/plate2
P764F1
left
P764F1_left_polys
polygon invalid, buffering
P764F1_left_polys.geojson
mid
P764F1_mid_polys
P764F1_mid_polys.geojson
right
P764F1_right_polys
polygon invalid, buffering
polygon invalid, buffering
P764F1_right_polys.geojson
/Users/danthomas/Documents/speckling/make_polygons/plate2
P764F2
left
P764F2_left_polys
polygon invalid, buffering
P764F2_left_polys.geojson
mid
P764F2_mid_polys
polygon invalid, buffering
P764F2_mid_polys.geojson
right
P764F2_right_polys
polygon invalid, buffering
polygon invalid, buffering
P764F2_right_polys.geojson
/Users/danthomas/Documents/speckling/make_polygons/plate2
P765F1
left
P765F1_left_polys
polygon invalid, buffering
P765F1_left_polys.geojson
mid
P765F1_mid_polys
polygon invalid, buffering
polygon invalid, buffering
P765F1_mid_polys.geojson
right
P765F1_right_polys
polygon invalid, buffering
polygon invalid, buffering
P765F1_right_polys.geojson
/Users/danthomas/Documents/speckling/make_polygons/plate2
P765F2
left
P765F2_left_polys
polygon invalid, buffering
polygon invalid, buffering
P765F2_left_polys.geojson
mid
P765F2_mid_polys
polygon invalid, buffering
polygon invalid, buffering
P765F2_mid_polys.geojson
right
P765F2_right_polys
polygon invalid, buffering
P765F2_right_polys.geojson
/Users/danthomas/Documents/speckling/make_polygons/plate2
P766F4
left
P766F4_left_polys
polygon invalid, buffering
P766F4_left_polys.geojson
mid
P766F4_mid_polys
polygon invalid, buffering
polygon invalid, buffering
right
P766F4_right_polys
polygon invalid, buffering
P766F4_right_polys.geojson
/Users/danthomas/Documents/speckling/make_polygons/plate2
P767F1
left
P767F1_left_polys
polygon invalid, buffering
P767F1_left_polys.geojson
mid
P767F1_mid_polys
polygon invalid, buffering
polygon invalid, buffering
P767F1_mid_polys.geojson
right
P767F1_right_polys
polygon invalid, buffering
polygon invalid, buffering
P767F1_right_polys.geojson
/Users/danthomas/Documents/speckling/make_polygons/plate2
P767F2
left
P767F2_left_polys
polygon invalid, buffering
polygon invalid, buffering
P767F2_left_polys.geojson
mid
P767F2_mid_polys
polygon invalid, buffering
polygon invalid, buffering
P767F2_mid_polys.geojson
right
P767F2_right_polys
polygon invalid, buffering
P767F2_right_polys.geojson
/Users/danthomas/Documents/speckling/make_polygons/plate2
P768F2
left
P768F2_left_polys
polygon invalid, buffering
polygon invalid, buffering
P768F2_left_polys.geojson
mid
P768F2_mid_polys
polygon invalid, buffering
polygon invalid, buffering
P768F2_mid_polys.geojson
right
P768F2_right_polys
polygon invalid, buffering
polygon invalid, buffering
P768F2_right_polys.geojson
/Users/danthomas/Documents/speckling/make_polygons/plate2
P768F3
left
P768F3_left_polys
polygon invalid, buffering
polygon invalid, buffering
P768F3_left_polys.geojson
mid
P768F3_mid_polys
polygon invalid, buffering
polygon invalid, buffering
P768F3_mid_polys.geojson
right
P768F3_right_polys
polygon invalid, buffering
polygon invalid, buffering
P768F3_right_polys.geojson
/Users/danthomas/Documents/speckling/make_polygons/plate2
P769F3
left
P769F3_left_polys
polygon invalid, buffering
polygon invalid, buffering
P769F3_left_polys.geojson
mid
P769F3_mid_polys
polygon invalid, buffering
P769F3_mid_polys.geojson
right
P769F3_right_polys
polygon invalid, buffering
polygon invalid, buffering
P769F3_right_polys.geojson
/Users/danthomas/Documents/speckling/make_polygons/plate2
P769F4
left
P769F4_left_polys
polygon invalid, buffering
P769F4_left_polys.geojson
Zones failed...
mid
P769F4_mid_polys
polygon invalid, buffering
P769F4_mid_polys.geojson
right
P769F4_right_polys
polygon invalid, buffering
polygon invalid, buffering
P769F4_right_polys.geojson
/Users/danthomas/Documents/speckling/make_polygons/plate2
P770F1
left
P770F1_left_polys
polygon invalid, buffering
P770F1_left_polys.geojson
mid
P770F1_mid_polys
polygon invalid, buffering
P770F1_mid_polys.geojson
right
P770F1_right_polys
P770F1_right_polys.geojson
/Users/danthomas/Documents/speckling/make_polygons/plate2
P770F2
left
P770F2_left_polys
polygon invalid, buffering
polygon invalid, buffering
P770F2_left_polys.geojson
mid
P770F2_mid_polys
polygon invalid, buffering
polygon invalid, buffering
P770F2_mid_polys.geojson
right
P770F2_right_polys
polygon invalid, buffering
P770F2_right_polys.geojson
/Users/danthomas/Documents/speckling/make_polygons/plate2
P771F1
left
P771F1_left_polys
polygon invalid, buffering
polygon invalid, buffering
P771F1_left_polys.geojson
mid
P771F1_mid_polys
polygon invalid, buffering
polygon invalid, buffering
P771F1_mid_polys.geojson
right
P771F1_right_polys
polygon invalid, buffering
P771F1_right_polys.geojson
/Users/danthomas/Documents/speckling/make_polygons/plate2
P771F2
left
P771F2_left_polys
polygon invalid, buffering
P771F2_left_polys.geojson
mid
P771F2_mid_polys
polygon invalid, buffering
P771F2_mid_polys.geojson
right
P771F2_right_polys
polygon invalid, buffering
P771F2_right_polys.geojson
/Users/danthomas/Documents/speckling/make_polygons/plate2
P772F1
left
P772F1_left_polys
polygon invalid, buffering
polygon invalid, buffering
P772F1_left_polys.geojson
mid
P772F1_mid_polys
polygon invalid, buffering
polygon invalid, buffering
P772F1_mid_polys.geojson
right
P772F1_right_polys
polygon invalid, buffering
P772F1_right_polys.geojson
/Users/danthomas/Documents/speckling/make_polygons/plate2
P772F2
left
P772F2_left_polys
polygon invalid, buffering
polygon invalid, buffering
P772F2_left_polys.geojson
mid
P772F2_mid_polys
polygon invalid, buffering
polygon invalid, buffering
P772F2_mid_polys.geojson
right
P772F2_right_polys
polygon invalid, buffering
P772F2_right_polys.geojson
/Users/danthomas/Documents/speckling/make_polygons/plate2
plate2_auto.log
P500F1
plate2_P500F1_polys
P500F2
plate2_P500F2_polys
P501F1
plate2_P501F1_polys
P501F2
plate2_P501F2_polys
P502F1
plate2_P502F1_polys
P502F2
plate2_P502F2_polys
P504F1
plate2_P504F1_polys
P504F2
plate2_P504F2_polys
P507F1
plate2_P507F1_polys
P507F2
plate2_P507F2_polys
P508F1
plate2_P508F1_polys
P508F2
plate2_P508F2_polys
P509F1
plate2_P509F1_polys
P509F2
plate2_P509F2_polys
P510F1
plate2_P510F1_polys
P510F2
plate2_P510F2_polys
P512F1
plate2_P512F1_polys
P512F2
plate2_P512F2_polys
P513F1
plate2_P513F1_polys
P513F2
plate2_P513F2_polys
P514F1
plate2_P514F1_polys
P514F2
plate2_P514F2_polys
P515F1
plate2_P515F1_polys
P515F2
plate2_P515F2_polys
P517F1
plate2_P517F1_polys
P517F2
plate2_P517F2_polys
P518F1
plate2_P518F1_polys
P518F2
plate2_P518F2_polys
P519F1
plate2_P519F1_polys
P519F2
plate2_P519F2_polys
P520F1
plate2_P520F1_polys
P520F2
plate2_P520F2_polys
P523F1
plate2_P523F1_polys
P523F2
plate2_P523F2_polys
P524F1
plate2_P524F1_polys
P524F2
plate2_P524F2_polys
P527F1
plate2_P527F1_polys
P527F2
plate2_P527F2_polys
P533F1
plate2_P533F1_polys
P534F1
plate2_P534F1_polys
P541F1
plate2_P541F1_polys
P541F2
plate2_P541F2_polys
P542F2
plate2_P542F2_polys
P543F1
plate2_P543F1_polys
P702F1
plate2_P702F1_polys
P702F2
plate2_P702F2_polys
P703F1
plate2_P703F1_polys
P703F2
plate2_P703F2_polys
P704F1
plate2_P704F1_polys
P704F3
plate2_P704F3_polys
P705F1
plate2_P705F1_polys
P705F2
plate2_P705F2_polys
P707F1
plate2_P707F1_polys
P707F2
plate2_P707F2_polys
P708F1
plate2_P708F1_polys
P708F2
plate2_P708F2_polys
P709F1
plate2_P709F1_polys
P709F2
plate2_P709F2_polys
P710F1
plate2_P710F1_polys
P710F3
plate2_P710F3_polys
P711F1
plate2_P711F1_polys
P711F2
plate2_P711F2_polys
P713F1
plate2_P713F1_polys
P713F2
plate2_P713F2_polys
P714F1
plate2_P714F1_polys
P714F3
plate2_P714F3_polys
P715F1
plate2_P715F1_polys
P715F2
plate2_P715F2_polys
P716F1
plate2_P716F1_polys
P716F2
plate2_P716F2_polys
P717F1
plate2_P717F1_polys
P717F2
plate2_P717F2_polys
P719F1
plate2_P719F1_polys
P719F2
plate2_P719F2_polys
P720F1
plate2_P720F1_polys
P720F2
plate2_P720F2_polys
P721F1
plate2_P721F1_polys
P721F2
plate2_P721F2_polys
P722F1
plate2_P722F1_polys
P722F2
plate2_P722F2_polys
P723F1
plate2_P723F1_polys
P723F2
plate2_P723F2_polys
P724F1
plate2_P724F1_polys
P724F2
plate2_P724F2_polys
P725F1
plate2_P725F1_polys
P725F2
plate2_P725F2_polys
P726F1
plate2_P726F1_polys
P726F2
plate2_P726F2_polys
P727F1
plate2_P727F1_polys
P727F2
plate2_P727F2_polys
P728F1
plate2_P728F1_polys
P728F2
plate2_P728F2_polys
P729F1
plate2_P729F1_polys
P729F2
plate2_P729F2_polys
P730F2
plate2_P730F2_polys
P730F3
plate2_P730F3_polys
P731F1
plate2_P731F1_polys
P731F2
plate2_P731F2_polys
P732F1
plate2_P732F1_polys
P732F2
plate2_P732F2_polys
P733F3
plate2_P733F3_polys
P733F4
plate2_P733F4_polys
P734F1
plate2_P734F1_polys
P734F2
plate2_P734F2_polys
P737F1
plate2_P737F1_polys
P737F2
plate2_P737F2_polys
P738F1
plate2_P738F1_polys
P738F2
plate2_P738F2_polys
P739F1
plate2_P739F1_polys
P739F2
plate2_P739F2_polys
P740F1
plate2_P740F1_polys
P740F2
plate2_P740F2_polys
P741F1
plate2_P741F1_polys
P741F2
plate2_P741F2_polys
P742F1
plate2_P742F1_polys
P742F2
plate2_P742F2_polys
P743F1
plate2_P743F1_polys
P743F2
plate2_P743F2_polys
P744F1
plate2_P744F1_polys
P745F1
plate2_P745F1_polys
P745F2
plate2_P745F2_polys
P746F3
plate2_P746F3_polys
P746F4
plate2_P746F4_polys
P747F1
plate2_P747F1_polys
P747F2
plate2_P747F2_polys
P748F1
plate2_P748F1_polys
P748F2
plate2_P748F2_polys
P749F1
plate2_P749F1_polys
P749F2
plate2_P749F2_polys
P750F3
plate2_P750F3_polys
P750F4
plate2_P750F4_polys
P751F1
plate2_P751F1_polys
P751F2
plate2_P751F2_polys
P752F3
plate2_P752F3_polys
P752F4
plate2_P752F4_polys
P753F1
plate2_P753F1_polys
P753F2
plate2_P753F2_polys
P754F1
plate2_P754F1_polys
P754F4
plate2_P754F4_polys
P755F1
plate2_P755F1_polys
P755F3
plate2_P755F3_polys
P756F1
plate2_P756F1_polys
P756F4
plate2_P756F4_polys
P757F1
plate2_P757F1_polys
P757F2
plate2_P757F2_polys
P758F1
plate2_P758F1_polys
P758F2
plate2_P758F2_polys
P759F1
plate2_P759F1_polys
P759F2
plate2_P759F2_polys
P760F1
plate2_P760F1_polys
P760F2
plate2_P760F2_polys
P761F1
plate2_P761F1_polys
P761F2
plate2_P761F2_polys
P762F1
plate2_P762F1_polys
P762F2
plate2_P762F2_polys
P763F1
plate2_P763F1_polys
P763F2
plate2_P763F2_polys
P764F1
plate2_P764F1_polys
P764F2
plate2_P764F2_polys
P765F1
plate2_P765F1_polys
P765F2
plate2_P765F2_polys
P766F4
plate2_P766F4_polys
P767F1
plate2_P767F1_polys
P767F2
plate2_P767F2_polys
P768F2
plate2_P768F2_polys
P768F3
plate2_P768F3_polys
P769F3
plate2_P769F3_polys
P769F4
plate2_P769F4_polys
P770F1
plate2_P770F1_polys
P770F2
plate2_P770F2_polys
P771F1
plate2_P771F1_polys
P771F2
plate2_P771F2_polys
P772F1
plate2_P772F1_polys
P772F2
plate2_P772F2_polys
/Users/danthomas/Documents/speckling/make_polygons
