P247F1
P247F1_left_polys
P247F1_mid_polys
TopologyException: Input geom 1 is invalid: Self-intersection at or near point 0.028191412480508857 0.33881727998884009 at 0.028191412480508857 0.33881727998884009
P247F1_right_polys
Zones failed...
P247F3
P247F3_left_polys
P247F3_mid_polys
P247F3_right_polys
P248F1
P248F1_left_polys
P248F1_mid_polys
P248F1_right_polys
P248F2
P248F2_left_polys
P248F2_mid_polys
P248F2_right_polys
P248F3
P248F3_left_polys
P248F3_mid_polys
P248F3_right_polys
P253F1
TopologyException: Input geom 1 is invalid: Self-intersection at or near point -0.32058955759187235 0.47965244992570694 at -0.32058955759187235 0.47965244992570694
P253F1_left_polys
Zones failed...
P253F1_mid_polys
P253F1_right_polys
P253F2
P253F2_left_polys
P253F2_mid_polys
P253F2_right_polys
P257F1
P257F1_left_polys
P257F1_mid_polys
P257F1_right_polys
P257F2
P257F2_left_polys
P257F2_mid_polys
P257F2_right_polys
P257F3
TopologyException: Input geom 1 is invalid: Self-intersection at or near point -0.21192123414247782 0.65449592874569207 at -0.21192123414247782 0.65449592874569207
P257F3_left_polys
Zones failed...
P257F3_mid_polys
P257F3_right_polys
P258F1
P258F1_left_polys
P258F1_mid_polys
TopologyException: Input geom 1 is invalid: Self-intersection at or near point -0.097961738557387795 0.42966286956765226 at -0.097961738557387795 0.42966286956765226
P258F1_right_polys
Zones failed...
P258F2
P258F2_left_polys
P258F2_mid_polys
TopologyException: Input geom 1 is invalid: Self-intersection at or near point -0.10204887481304147 0.36629029600451429 at -0.10204887481304147 0.36629029600451429
P258F2_right_polys
Zones failed...
P261F1
P261F1_left_polys
P261F1_mid_polys
P261F1_right_polys
P261F2
P261F2_left_polys
P261F2_mid_polys
P261F2_right_polys
P261F3
P261F3_left_polys
P261F3_mid_polys
P261F3_right_polys
P297F1
P297F1_left_polys
P297F1_mid_polys
P297F1_right_polys
P297F2
P297F2_left_polys
P297F2_mid_polys
P297F2_right_polys
P299F1
P299F1_left_polys
P299F1_mid_polys
Zones failed...
P299F1_right_polys
P299F2
P299F2_left_polys
P299F2_mid_polys
P299F2_right_polys
P301F1
P301F1_left_polys
P301F1_mid_polys
P301F1_right_polys
P331F1
P331F1_left_polys
P331F1_mid_polys
P331F1_right_polys
P331F2
P331F2_left_polys
P331F2_mid_polys
P331F2_right_polys
P338F1
P338F1_left_polys
P338F1_mid_polys
P338F1_right_polys
P338F2
P338F2_left_polys
P338F2_mid_polys
TopologyException: Input geom 1 is invalid: Self-intersection at or near point 0.10475978280721 0.33512020292316219 at 0.10475978280721 0.33512020292316219
P338F2_right_polys
Zones failed...
P339F1
P339F1_left_polys
P339F1_mid_polys
P339F1_right_polys
P339F2
P339F2_left_polys
P339F2_mid_polys
P339F2_right_polys
P341F1
P341F1_left_polys
P341F1_mid_polys
P341F1_right_polys
P341F2
P341F2_left_polys
TopologyException: Input geom 1 is invalid: Self-intersection at or near point 0.34072820447505686 0.51183563132682963 at 0.34072820447505686 0.51183563132682963
P341F2_mid_polys
Zones failed...
TopologyException: Input geom 1 is invalid: Self-intersection at or near point -0.076358097032364042 0.34861435287710402 at -0.076358097032364042 0.34861435287710402
P341F2_right_polys
Zones failed...
P342F1
TopologyException: Input geom 1 is invalid: Self-intersection at or near point -0.22408395338977755 0.48548489320661009 at -0.22408395338977755 0.48548489320661009
P342F1_left_polys
Zones failed...
P342F1_mid_polys
P342F1_right_polys
P342F2
TopologyException: Input geom 1 is invalid: Self-intersection at or near point -0.30393539559875687 0.38600713931079389 at -0.30393539559875687 0.38600713931079389
P342F2_left_polys
Zones failed...
TopologyException: Input geom 1 is invalid: Self-intersection at or near point 0.051815295955501169 0.57305971550232471 at 0.051815295955501169 0.57305971550232471
P342F2_mid_polys
Zones failed...
P342F2_right_polys
P344F1
P344F1_left_polys
P344F1_mid_polys
P344F1_right_polys
P344F2
P344F2_left_polys
P344F2_mid_polys
P344F2_right_polys
P345F1
P345F1_left_polys
P345F1_mid_polys
P345F1_right_polys
P345F2
P345F2_left_polys
TopologyException: Input geom 1 is invalid: Self-intersection at or near point 0.25073560875558215 0.47130680928383578 at 0.25073560875558215 0.47130680928383578
P345F2_mid_polys
Zones failed...
P345F2_right_polys
P348F1
P348F1_left_polys
P348F1_mid_polys
P348F1_right_polys
P348F2
P348F2_left_polys
P348F2_mid_polys
P348F2_right_polys
P351F1
